{"/Users/viktordzundza/projects/shit/src/api/server.ts": {"path":"/Users/viktordzundza/projects/shit/src/api/server.ts","statementMap":{"0":{"start":{"line":1,"column":0},"end":{"line":1,"column":30}},"1":{"start":{"line":2,"column":0},"end":{"line":2,"column":24}},"2":{"start":{"line":3,"column":0},"end":{"line":3,"column":28}},"3":{"start":{"line":4,"column":0},"end":{"line":4,"column":38}},"4":{"start":{"line":5,"column":0},"end":{"line":5,"column":43}},"5":{"start":{"line":6,"column":0},"end":{"line":6,"column":34}},"6":{"start":{"line":7,"column":0},"end":{"line":7,"column":61}},"7":{"start":{"line":8,"column":0},"end":{"line":8,"column":63}},"8":{"start":{"line":9,"column":0},"end":{"line":9,"column":53}},"9":{"start":{"line":10,"column":0},"end":{"line":10,"column":63}},"10":{"start":{"line":11,"column":0},"end":{"line":11,"column":57}},"11":{"start":{"line":12,"column":0},"end":{"line":12,"column":55}},"12":{"start":{"line":13,"column":0},"end":{"line":13,"column":53}},"13":{"start":{"line":14,"column":0},"end":{"line":14,"column":59}},"14":{"start":{"line":15,"column":0},"end":{"line":15,"column":59}},"15":{"start":{"line":23,"column":4},"end":{"line":23,"column":25}},"16":{"start":{"line":24,"column":4},"end":{"line":24,"column":28}},"17":{"start":{"line":25,"column":4},"end":{"line":25,"column":27}},"18":{"start":{"line":26,"column":4},"end":{"line":26,"column":23}},"19":{"start":{"line":27,"column":4},"end":{"line":27,"column":30}},"20":{"start":{"line":31,"column":4},"end":{"line":31,"column":27}},"21":{"start":{"line":33,"column":4},"end":{"line":38,"column":8}},"22":{"start":{"line":40,"column":4},"end":{"line":40,"column":32}},"23":{"start":{"line":42,"column":20},"end":{"line":46,"column":6}},"24":{"start":{"line":47,"column":4},"end":{"line":47,"column":35}},"25":{"start":{"line":49,"column":4},"end":{"line":49,"column":50}},"26":{"start":{"line":50,"column":4},"end":{"line":50,"column":72}},"27":{"start":{"line":52,"column":4},"end":{"line":52,"column":32}},"28":{"start":{"line":54,"column":4},"end":{"line":61,"column":7}},"29":{"start":{"line":55,"column":6},"end":{"line":60,"column":9}},"30":{"start":{"line":65,"column":4},"end":{"line":65,"column":46}},"31":{"start":{"line":66,"column":4},"end":{"line":66,"column":56}},"32":{"start":{"line":67,"column":4},"end":{"line":67,"column":50}},"33":{"start":{"line":68,"column":4},"end":{"line":68,"column":48}},"34":{"start":{"line":69,"column":4},"end":{"line":69,"column":45}},"35":{"start":{"line":70,"column":4},"end":{"line":70,"column":52}},"36":{"start":{"line":71,"column":4},"end":{"line":71,"column":45}},"37":{"start":{"line":73,"column":4},"end":{"line":79,"column":7}},"38":{"start":{"line":74,"column":6},"end":{"line":78,"column":9}},"39":{"start":{"line":83,"column":4},"end":{"line":83,"column":31}},"40":{"start":{"line":87,"column":4},"end":{"line":97,"column":7}},"41":{"start":{"line":88,"column":6},"end":{"line":96,"column":7}},"42":{"start":{"line":89,"column":8},"end":{"line":93,"column":11}},"43":{"start":{"line":90,"column":10},"end":{"line":90,"column":68}},"44":{"start":{"line":91,"column":10},"end":{"line":91,"column":79}},"45":{"start":{"line":92,"column":10},"end":{"line":92,"column":20}},"46":{"start":{"line":95,"column":8},"end":{"line":95,"column":22}},"47":{"start":{"line":101,"column":4},"end":{"line":101,"column":20}},"48":{"start":{"line":105,"column":4},"end":{"line":111,"column":5}},"49":{"start":{"line":106,"column":6},"end":{"line":110,"column":9}},"50":{"start":{"line":107,"column":8},"end":{"line":109,"column":11}},"51":{"start":{"line":108,"column":10},"end":{"line":108,"column":20}},"52":{"start":{"line":17,"column":0},"end":{"line":17,"column":13}}},"fnMap":{"0":{"name":"(anonymous_1)","decl":{"start":{"line":22,"column":2},"end":{"line":22,"column":null}},"loc":{"start":{"line":22,"column":2},"end":{"line":28,"column":3}}},"1":{"name":"(anonymous_2)","decl":{"start":{"line":30,"column":10},"end":{"line":30,"column":25}},"loc":{"start":{"line":30,"column":25},"end":{"line":62,"column":3}}},"2":{"name":"(anonymous_3)","decl":{"start":{"line":54,"column":28},"end":{"line":54,"column":29}},"loc":{"start":{"line":54,"column":42},"end":{"line":61,"column":5}}},"3":{"name":"(anonymous_4)","decl":{"start":{"line":64,"column":10},"end":{"line":64,"column":21}},"loc":{"start":{"line":64,"column":21},"end":{"line":80,"column":3}}},"4":{"name":"(anonymous_5)","decl":{"start":{"line":73,"column":22},"end":{"line":73,"column":23}},"loc":{"start":{"line":73,"column":35},"end":{"line":79,"column":5}}},"5":{"name":"(anonymous_6)","decl":{"start":{"line":82,"column":10},"end":{"line":82,"column":28}},"loc":{"start":{"line":82,"column":28},"end":{"line":84,"column":3}}},"6":{"name":"(anonymous_7)","decl":{"start":{"line":86,"column":9},"end":{"line":86,"column":14}},"loc":{"start":{"line":86,"column":20},"end":{"line":98,"column":3}}},"7":{"name":"(anonymous_8)","decl":{"start":{"line":87,"column":23},"end":{"line":87,"column":24}},"loc":{"start":{"line":87,"column":43},"end":{"line":97,"column":5}}},"8":{"name":"(anonymous_9)","decl":{"start":{"line":89,"column":49},"end":{"line":89,"column":52}},"loc":{"start":{"line":89,"column":54},"end":{"line":93,"column":9}}},"9":{"name":"(anonymous_10)","decl":{"start":{"line":100,"column":9},"end":{"line":100,"column":15}},"loc":{"start":{"line":100,"column":15},"end":{"line":102,"column":3}}},"10":{"name":"(anonymous_11)","decl":{"start":{"line":104,"column":9},"end":{"line":104,"column":14}},"loc":{"start":{"line":104,"column":20},"end":{"line":112,"column":3}}},"11":{"name":"(anonymous_12)","decl":{"start":{"line":106,"column":25},"end":{"line":106,"column":26}},"loc":{"start":{"line":106,"column":37},"end":{"line":110,"column":7}}},"12":{"name":"(anonymous_13)","decl":{"start":{"line":107,"column":26},"end":{"line":107,"column":29}},"loc":{"start":{"line":107,"column":31},"end":{"line":109,"column":9}}}},"branchMap":{"0":{"loc":{"start":{"line":34,"column":14},"end":{"line":36,"column":14}},"type":"cond-expr","locations":[{"start":{"line":35,"column":10},"end":{"line":35,"column":36}},{"start":{"line":36,"column":10},"end":{"line":36,"column":14}}]},"1":{"loc":{"start":{"line":59,"column":17},"end":{"line":59,"column":62}},"type":"binary-expr","locations":[{"start":{"line":59,"column":17},"end":{"line":59,"column":51}},{"start":{"line":59,"column":55},"end":{"line":59,"column":62}}]},"2":{"loc":{"start":{"line":105,"column":4},"end":{"line":111,"column":5}},"type":"if","locations":[{"start":{"line":105,"column":4},"end":{"line":111,"column":5}}]}},"s":{"0":0,"1":0,"2":0,"3":0,"4":0,"5":0,"6":0,"7":0,"8":0,"9":0,"10":0,"11":0,"12":0,"13":0,"14":0,"15":0,"16":0,"17":0,"18":0,"19":0,"20":0,"21":0,"22":0,"23":0,"24":0,"25":0,"26":0,"27":0,"28":0,"29":0,"30":0,"31":0,"32":0,"33":0,"34":0,"35":0,"36":0,"37":0,"38":0,"39":0,"40":0,"41":0,"42":0,"43":0,"44":0,"45":0,"46":0,"47":0,"48":0,"49":0,"50":0,"51":0,"52":0},"f":{"0":0,"1":0,"2":0,"3":0,"4":0,"5":0,"6":0,"7":0,"8":0,"9":0,"10":0,"11":0,"12":0},"b":{"0":[0,0],"1":[0,0],"2":[0]}}
,"/Users/viktordzundza/projects/shit/src/api/middleware/auth.ts": {"path":"/Users/viktordzundza/projects/shit/src/api/middleware/auth.ts","statementMap":{"0":{"start":{"line":2,"column":0},"end":{"line":2,"column":31}},"1":{"start":{"line":3,"column":0},"end":{"line":3,"column":34}},"2":{"start":{"line":12,"column":30},"end":{"line":73,"column":1}},"3":{"start":{"line":17,"column":2},"end":{"line":72,"column":3}},"4":{"start":{"line":18,"column":23},"end":{"line":18,"column":48}},"5":{"start":{"line":19,"column":27},"end":{"line":19,"column":70}},"6":{"start":{"line":21,"column":4},"end":{"line":28,"column":5}},"7":{"start":{"line":22,"column":6},"end":{"line":26,"column":9}},"8":{"start":{"line":27,"column":6},"end":{"line":27,"column":13}},"9":{"start":{"line":30,"column":4},"end":{"line":37,"column":5}},"10":{"start":{"line":31,"column":6},"end":{"line":34,"column":8}},"11":{"start":{"line":35,"column":6},"end":{"line":35,"column":13}},"12":{"start":{"line":36,"column":6},"end":{"line":36,"column":13}},"13":{"start":{"line":39,"column":4},"end":{"line":58,"column":5}},"14":{"start":{"line":40,"column":20},"end":{"line":40,"column":53}},"15":{"start":{"line":42,"column":6},"end":{"line":57,"column":7}},"16":{"start":{"line":43,"column":24},"end":{"line":43,"column":66}},"17":{"start":{"line":44,"column":8},"end":{"line":47,"column":10}},"18":{"start":{"line":48,"column":8},"end":{"line":48,"column":15}},"19":{"start":{"line":49,"column":8},"end":{"line":49,"column":15}},"20":{"start":{"line":51,"column":8},"end":{"line":55,"column":11}},"21":{"start":{"line":56,"column":8},"end":{"line":56,"column":15}},"22":{"start":{"line":60,"column":4},"end":{"line":64,"column":7}},"23":{"start":{"line":66,"column":4},"end":{"line":66,"column":51}},"24":{"start":{"line":67,"column":4},"end":{"line":71,"column":7}},"25":{"start":{"line":12,"column":13},"end":{"line":12,"column":30}},"26":{"start":{"line":75,"column":38},"end":{"line":107,"column":1}},"27":{"start":{"line":80,"column":2},"end":{"line":106,"column":3}},"28":{"start":{"line":81,"column":23},"end":{"line":81,"column":48}},"29":{"start":{"line":82,"column":27},"end":{"line":82,"column":70}},"30":{"start":{"line":84,"column":4},"end":{"line":100,"column":5}},"31":{"start":{"line":85,"column":6},"end":{"line":88,"column":8}},"32":{"start":{"line":89,"column":11},"end":{"line":100,"column":5}},"33":{"start":{"line":90,"column":6},"end":{"line":99,"column":7}},"34":{"start":{"line":91,"column":22},"end":{"line":91,"column":55}},"35":{"start":{"line":92,"column":24},"end":{"line":92,"column":66}},"36":{"start":{"line":93,"column":8},"end":{"line":96,"column":10}},"37":{"start":{"line":98,"column":8},"end":{"line":98,"column":36}},"38":{"start":{"line":102,"column":4},"end":{"line":102,"column":11}},"39":{"start":{"line":104,"column":4},"end":{"line":104,"column":60}},"40":{"start":{"line":105,"column":4},"end":{"line":105,"column":11}},"41":{"start":{"line":75,"column":13},"end":{"line":75,"column":38}}},"fnMap":{"0":{"name":"(anonymous_1)","decl":{"start":{"line":12,"column":30},"end":{"line":12,"column":35}},"loc":{"start":{"line":16,"column":19},"end":{"line":73,"column":1}}},"1":{"name":"(anonymous_2)","decl":{"start":{"line":75,"column":38},"end":{"line":75,"column":43}},"loc":{"start":{"line":79,"column":19},"end":{"line":107,"column":1}}}},"branchMap":{"0":{"loc":{"start":{"line":21,"column":4},"end":{"line":28,"column":5}},"type":"if","locations":[{"start":{"line":21,"column":4},"end":{"line":28,"column":5}}]},"1":{"loc":{"start":{"line":21,"column":8},"end":{"line":21,"column":38}},"type":"binary-expr","locations":[{"start":{"line":21,"column":8},"end":{"line":21,"column":19}},{"start":{"line":21,"column":23},"end":{"line":21,"column":38}}]},"2":{"loc":{"start":{"line":30,"column":4},"end":{"line":37,"column":5}},"type":"if","locations":[{"start":{"line":30,"column":4},"end":{"line":37,"column":5}}]},"3":{"loc":{"start":{"line":39,"column":4},"end":{"line":58,"column":5}},"type":"if","locations":[{"start":{"line":39,"column":4},"end":{"line":58,"column":5}}]},"4":{"loc":{"start":{"line":84,"column":4},"end":{"line":100,"column":5}},"type":"if","locations":[{"start":{"line":84,"column":4},"end":{"line":100,"column":5}},{"start":{"line":89,"column":11},"end":{"line":100,"column":5}}]},"5":{"loc":{"start":{"line":89,"column":11},"end":{"line":100,"column":5}},"type":"if","locations":[{"start":{"line":89,"column":11},"end":{"line":100,"column":5}}]}},"s":{"0":0,"1":0,"2":0,"3":0,"4":0,"5":0,"6":0,"7":0,"8":0,"9":0,"10":0,"11":0,"12":0,"13":0,"14":0,"15":0,"16":0,"17":0,"18":0,"19":0,"20":0,"21":0,"22":0,"23":0,"24":0,"25":0,"26":0,"27":0,"28":0,"29":0,"30":0,"31":0,"32":0,"33":0,"34":0,"35":0,"36":0,"37":0,"38":0,"39":0,"40":0,"41":0},"f":{"0":0,"1":0},"b":{"0":[0],"1":[0,0],"2":[0],"3":[0],"4":[0,0],"5":[0]}}
,"/Users/viktordzundza/projects/shit/src/api/middleware/errorHandler.ts": {"path":"/Users/viktordzundza/projects/shit/src/api/middleware/errorHandler.ts","statementMap":{"0":{"start":{"line":2,"column":0},"end":{"line":2,"column":34}},"1":{"start":{"line":9,"column":28},"end":{"line":50,"column":1}},"2":{"start":{"line":15,"column":19},"end":{"line":15,"column":42}},"3":{"start":{"line":16,"column":16},"end":{"line":16,"column":56}},"4":{"start":{"line":18,"column":2},"end":{"line":36,"column":3}},"5":{"start":{"line":19,"column":4},"end":{"line":19,"column":21}},"6":{"start":{"line":20,"column":4},"end":{"line":20,"column":33}},"7":{"start":{"line":21,"column":9},"end":{"line":36,"column":3}},"8":{"start":{"line":22,"column":4},"end":{"line":22,"column":21}},"9":{"start":{"line":23,"column":4},"end":{"line":23,"column":34}},"10":{"start":{"line":24,"column":9},"end":{"line":36,"column":3}},"11":{"start":{"line":25,"column":4},"end":{"line":25,"column":21}},"12":{"start":{"line":26,"column":4},"end":{"line":26,"column":30}},"13":{"start":{"line":27,"column":9},"end":{"line":36,"column":3}},"14":{"start":{"line":28,"column":4},"end":{"line":28,"column":21}},"15":{"start":{"line":29,"column":4},"end":{"line":29,"column":30}},"16":{"start":{"line":30,"column":9},"end":{"line":36,"column":3}},"17":{"start":{"line":31,"column":4},"end":{"line":31,"column":21}},"18":{"start":{"line":32,"column":4},"end":{"line":32,"column":31}},"19":{"start":{"line":33,"column":9},"end":{"line":36,"column":3}},"20":{"start":{"line":34,"column":4},"end":{"line":34,"column":21}},"21":{"start":{"line":35,"column":4},"end":{"line":35,"column":39}},"22":{"start":{"line":38,"column":2},"end":{"line":40,"column":3}},"23":{"start":{"line":39,"column":4},"end":{"line":39,"column":35}},"24":{"start":{"line":42,"column":2},"end":{"line":49,"column":5}},"25":{"start":{"line":9,"column":13},"end":{"line":9,"column":28}},"26":{"start":{"line":52,"column":27},"end":{"line":57,"column":1}},"27":{"start":{"line":53,"column":26},"end":{"line":53,"column":44}},"28":{"start":{"line":54,"column":2},"end":{"line":54,"column":32}},"29":{"start":{"line":55,"column":2},"end":{"line":55,"column":29}},"30":{"start":{"line":56,"column":2},"end":{"line":56,"column":15}},"31":{"start":{"line":52,"column":13},"end":{"line":52,"column":27}},"32":{"start":{"line":59,"column":28},"end":{"line":63,"column":1}},"33":{"start":{"line":60,"column":2},"end":{"line":62,"column":4}},"34":{"start":{"line":61,"column":4},"end":{"line":61,"column":52}},"35":{"start":{"line":59,"column":13},"end":{"line":59,"column":28}}},"fnMap":{"0":{"name":"(anonymous_0)","decl":{"start":{"line":9,"column":28},"end":{"line":9,"column":null}},"loc":{"start":{"line":14,"column":10},"end":{"line":50,"column":1}}},"1":{"name":"(anonymous_1)","decl":{"start":{"line":52,"column":27},"end":{"line":52,"column":28}},"loc":{"start":{"line":52,"column":83},"end":{"line":57,"column":1}}},"2":{"name":"(anonymous_2)","decl":{"start":{"line":59,"column":28},"end":{"line":59,"column":29}},"loc":{"start":{"line":59,"column":45},"end":{"line":63,"column":1}}},"3":{"name":"(anonymous_3)","decl":{"start":{"line":60,"column":9},"end":{"line":60,"column":10}},"loc":{"start":{"line":60,"column":61},"end":{"line":62,"column":3}}}},"branchMap":{"0":{"loc":{"start":{"line":15,"column":19},"end":{"line":15,"column":42}},"type":"binary-expr","locations":[{"start":{"line":15,"column":19},"end":{"line":15,"column":35}},{"start":{"line":15,"column":39},"end":{"line":15,"column":42}}]},"1":{"loc":{"start":{"line":16,"column":16},"end":{"line":16,"column":56}},"type":"binary-expr","locations":[{"start":{"line":16,"column":16},"end":{"line":16,"column":29}},{"start":{"line":16,"column":33},"end":{"line":16,"column":56}}]},"2":{"loc":{"start":{"line":18,"column":2},"end":{"line":36,"column":3}},"type":"if","locations":[{"start":{"line":18,"column":2},"end":{"line":36,"column":3}},{"start":{"line":21,"column":9},"end":{"line":36,"column":3}}]},"3":{"loc":{"start":{"line":21,"column":9},"end":{"line":36,"column":3}},"type":"if","locations":[{"start":{"line":21,"column":9},"end":{"line":36,"column":3}},{"start":{"line":24,"column":9},"end":{"line":36,"column":3}}]},"4":{"loc":{"start":{"line":24,"column":9},"end":{"line":36,"column":3}},"type":"if","locations":[{"start":{"line":24,"column":9},"end":{"line":36,"column":3}},{"start":{"line":27,"column":9},"end":{"line":36,"column":3}}]},"5":{"loc":{"start":{"line":27,"column":9},"end":{"line":36,"column":3}},"type":"if","locations":[{"start":{"line":27,"column":9},"end":{"line":36,"column":3}},{"start":{"line":30,"column":9},"end":{"line":36,"column":3}}]},"6":{"loc":{"start":{"line":30,"column":9},"end":{"line":36,"column":3}},"type":"if","locations":[{"start":{"line":30,"column":9},"end":{"line":36,"column":3}},{"start":{"line":33,"column":9},"end":{"line":36,"column":3}}]},"7":{"loc":{"start":{"line":33,"column":9},"end":{"line":36,"column":3}},"type":"if","locations":[{"start":{"line":33,"column":9},"end":{"line":36,"column":3}}]},"8":{"loc":{"start":{"line":38,"column":2},"end":{"line":40,"column":3}},"type":"if","locations":[{"start":{"line":38,"column":2},"end":{"line":40,"column":3}}]},"9":{"loc":{"start":{"line":45,"column":8},"end":{"line":48,"column":6}},"type":"binary-expr","locations":[{"start":{"line":45,"column":8},"end":{"line":45,"column":44}},{"start":{"line":45,"column":48},"end":{"line":48,"column":6}}]},"10":{"loc":{"start":{"line":52,"column":45},"end":{"line":52,"column":69}},"type":"default-arg","locations":[{"start":{"line":52,"column":66},"end":{"line":52,"column":69}}]}},"s":{"0":0,"1":0,"2":0,"3":0,"4":0,"5":0,"6":0,"7":0,"8":0,"9":0,"10":0,"11":0,"12":0,"13":0,"14":0,"15":0,"16":0,"17":0,"18":0,"19":0,"20":0,"21":0,"22":0,"23":0,"24":0,"25":0,"26":0,"27":0,"28":0,"29":0,"30":0,"31":0,"32":0,"33":0,"34":0,"35":0},"f":{"0":0,"1":0,"2":0,"3":0},"b":{"0":[0,0],"1":[0,0],"2":[0,0],"3":[0,0],"4":[0,0],"5":[0,0],"6":[0,0],"7":[0],"8":[0],"9":[0,0],"10":[0]}}
,"/Users/viktordzundza/projects/shit/src/api/middleware/requestLogger.ts": {"path":"/Users/viktordzundza/projects/shit/src/api/middleware/requestLogger.ts","statementMap":{"0":{"start":{"line":2,"column":0},"end":{"line":2,"column":34}},"1":{"start":{"line":4,"column":29},"end":{"line":23,"column":1}},"2":{"start":{"line":5,"column":16},"end":{"line":5,"column":26}},"3":{"start":{"line":7,"column":2},"end":{"line":9,"column":3}},"4":{"start":{"line":8,"column":4},"end":{"line":8,"column":57}},"5":{"start":{"line":11,"column":22},"end":{"line":11,"column":29}},"6":{"start":{"line":12,"column":2},"end":{"line":20,"column":4}},"7":{"start":{"line":13,"column":21},"end":{"line":13,"column":39}},"8":{"start":{"line":15,"column":4},"end":{"line":17,"column":5}},"9":{"start":{"line":16,"column":6},"end":{"line":16,"column":83}},"10":{"start":{"line":19,"column":4},"end":{"line":19,"column":51}},"11":{"start":{"line":22,"column":2},"end":{"line":22,"column":9}},"12":{"start":{"line":4,"column":13},"end":{"line":4,"column":29}}},"fnMap":{"0":{"name":"(anonymous_0)","decl":{"start":{"line":4,"column":29},"end":{"line":4,"column":30}},"loc":{"start":{"line":4,"column":87},"end":{"line":23,"column":1}}},"1":{"name":"(anonymous_1)","decl":{"start":{"line":12,"column":12},"end":{"line":12,"column":21}},"loc":{"start":{"line":12,"column":48},"end":{"line":20,"column":3}}}},"branchMap":{"0":{"loc":{"start":{"line":7,"column":2},"end":{"line":9,"column":3}},"type":"if","locations":[{"start":{"line":7,"column":2},"end":{"line":9,"column":3}}]},"1":{"loc":{"start":{"line":15,"column":4},"end":{"line":17,"column":5}},"type":"if","locations":[{"start":{"line":15,"column":4},"end":{"line":17,"column":5}}]}},"s":{"0":0,"1":0,"2":0,"3":0,"4":0,"5":0,"6":0,"7":0,"8":0,"9":0,"10":0,"11":0,"12":0},"f":{"0":0,"1":0},"b":{"0":[0],"1":[0]}}
,"/Users/viktordzundza/projects/shit/src/api/routes/battleRoutes.ts": {"path":"/Users/viktordzundza/projects/shit/src/api/routes/battleRoutes.ts","statementMap":{"0":{"start":{"line":1,"column":0},"end":{"line":1,"column":33}},"1":{"start":{"line":3,"column":15},"end":{"line":3,"column":23}},"2":{"start":{"line":9,"column":19},"end":{"line":9,"column":31}},"3":{"start":{"line":5,"column":0},"end":{"line":7,"column":3}},"4":{"start":{"line":6,"column":2},"end":{"line":6,"column":63}}},"fnMap":{"0":{"name":"(anonymous_0)","decl":{"start":{"line":5,"column":20},"end":{"line":5,"column":21}},"loc":{"start":{"line":5,"column":34},"end":{"line":7,"column":1}}}},"branchMap":{},"s":{"0":0,"1":0,"2":0,"3":0,"4":0},"f":{"0":0},"b":{}}
,"/Users/viktordzundza/projects/shit/src/api/routes/characterRoutes.ts": {"path":"/Users/viktordzundza/projects/shit/src/api/routes/characterRoutes.ts","statementMap":{"0":{"start":{"line":1,"column":0},"end":{"line":1,"column":33}},"1":{"start":{"line":3,"column":15},"end":{"line":3,"column":23}},"2":{"start":{"line":9,"column":19},"end":{"line":9,"column":34}},"3":{"start":{"line":5,"column":0},"end":{"line":7,"column":3}},"4":{"start":{"line":6,"column":2},"end":{"line":6,"column":56}}},"fnMap":{"0":{"name":"(anonymous_0)","decl":{"start":{"line":5,"column":16},"end":{"line":5,"column":17}},"loc":{"start":{"line":5,"column":30},"end":{"line":7,"column":1}}}},"branchMap":{},"s":{"0":0,"1":0,"2":0,"3":0,"4":0},"f":{"0":0},"b":{}}
,"/Users/viktordzundza/projects/shit/src/api/routes/paymentRoutes.ts": {"path":"/Users/viktordzundza/projects/shit/src/api/routes/paymentRoutes.ts","statementMap":{"0":{"start":{"line":1,"column":0},"end":{"line":1,"column":33}},"1":{"start":{"line":3,"column":15},"end":{"line":3,"column":23}},"2":{"start":{"line":9,"column":19},"end":{"line":9,"column":32}},"3":{"start":{"line":5,"column":0},"end":{"line":7,"column":3}},"4":{"start":{"line":6,"column":2},"end":{"line":6,"column":71}}},"fnMap":{"0":{"name":"(anonymous_0)","decl":{"start":{"line":5,"column":24},"end":{"line":5,"column":25}},"loc":{"start":{"line":5,"column":38},"end":{"line":7,"column":1}}}},"branchMap":{},"s":{"0":0,"1":0,"2":0,"3":0,"4":0},"f":{"0":0},"b":{}}
,"/Users/viktordzundza/projects/shit/src/api/routes/questRoutes.ts": {"path":"/Users/viktordzundza/projects/shit/src/api/routes/questRoutes.ts","statementMap":{"0":{"start":{"line":1,"column":0},"end":{"line":1,"column":33}},"1":{"start":{"line":3,"column":15},"end":{"line":3,"column":23}},"2":{"start":{"line":9,"column":19},"end":{"line":9,"column":30}},"3":{"start":{"line":5,"column":0},"end":{"line":7,"column":3}},"4":{"start":{"line":6,"column":2},"end":{"line":6,"column":52}}},"fnMap":{"0":{"name":"(anonymous_0)","decl":{"start":{"line":5,"column":16},"end":{"line":5,"column":17}},"loc":{"start":{"line":5,"column":30},"end":{"line":7,"column":1}}}},"branchMap":{},"s":{"0":0,"1":0,"2":0,"3":0,"4":0},"f":{"0":0},"b":{}}
,"/Users/viktordzundza/projects/shit/src/api/routes/shopRoutes.ts": {"path":"/Users/viktordzundza/projects/shit/src/api/routes/shopRoutes.ts","statementMap":{"0":{"start":{"line":1,"column":0},"end":{"line":1,"column":33}},"1":{"start":{"line":3,"column":15},"end":{"line":3,"column":23}},"2":{"start":{"line":9,"column":19},"end":{"line":9,"column":29}},"3":{"start":{"line":5,"column":0},"end":{"line":7,"column":3}},"4":{"start":{"line":6,"column":2},"end":{"line":6,"column":51}}},"fnMap":{"0":{"name":"(anonymous_0)","decl":{"start":{"line":5,"column":21},"end":{"line":5,"column":22}},"loc":{"start":{"line":5,"column":35},"end":{"line":7,"column":1}}}},"branchMap":{},"s":{"0":0,"1":0,"2":0,"3":0,"4":0},"f":{"0":0},"b":{}}
,"/Users/viktordzundza/projects/shit/src/api/routes/userRoutes.ts": {"path":"/Users/viktordzundza/projects/shit/src/api/routes/userRoutes.ts","statementMap":{"0":{"start":{"line":1,"column":0},"end":{"line":1,"column":33}},"1":{"start":{"line":3,"column":15},"end":{"line":3,"column":23}},"2":{"start":{"line":9,"column":19},"end":{"line":9,"column":29}},"3":{"start":{"line":5,"column":0},"end":{"line":7,"column":3}},"4":{"start":{"line":6,"column":2},"end":{"line":6,"column":61}}},"fnMap":{"0":{"name":"(anonymous_0)","decl":{"start":{"line":5,"column":18},"end":{"line":5,"column":19}},"loc":{"start":{"line":5,"column":32},"end":{"line":7,"column":1}}}},"branchMap":{},"s":{"0":0,"1":0,"2":0,"3":0,"4":0},"f":{"0":0},"b":{}}
,"/Users/viktordzundza/projects/shit/src/api/routes/webhookRoutes.ts": {"path":"/Users/viktordzundza/projects/shit/src/api/routes/webhookRoutes.ts","statementMap":{"0":{"start":{"line":1,"column":0},"end":{"line":1,"column":33}},"1":{"start":{"line":3,"column":15},"end":{"line":3,"column":23}},"2":{"start":{"line":9,"column":19},"end":{"line":9,"column":32}},"3":{"start":{"line":5,"column":0},"end":{"line":7,"column":3}},"4":{"start":{"line":6,"column":2},"end":{"line":6,"column":30}}},"fnMap":{"0":{"name":"(anonymous_0)","decl":{"start":{"line":5,"column":34},"end":{"line":5,"column":35}},"loc":{"start":{"line":5,"column":48},"end":{"line":7,"column":1}}}},"branchMap":{},"s":{"0":0,"1":0,"2":0,"3":0,"4":0},"f":{"0":0},"b":{}}
,"/Users/viktordzundza/projects/shit/src/bot/Bot.ts": {"path":"/Users/viktordzundza/projects/shit/src/bot/Bot.ts","statementMap":{"0":{"start":{"line":1,"column":0},"end":{"line":1,"column":53}},"1":{"start":{"line":3,"column":0},"end":{"line":3,"column":34}},"2":{"start":{"line":4,"column":0},"end":{"line":4,"column":62}},"3":{"start":{"line":5,"column":0},"end":{"line":5,"column":72}},"4":{"start":{"line":6,"column":0},"end":{"line":6,"column":66}},"5":{"start":{"line":7,"column":0},"end":{"line":7,"column":52}},"6":{"start":{"line":30,"column":4},"end":{"line":30,"column":58}},"7":{"start":{"line":31,"column":4},"end":{"line":31,"column":41}},"8":{"start":{"line":32,"column":4},"end":{"line":32,"column":51}},"9":{"start":{"line":33,"column":4},"end":{"line":33,"column":43}},"10":{"start":{"line":35,"column":4},"end":{"line":35,"column":27}},"11":{"start":{"line":36,"column":4},"end":{"line":36,"column":23}},"12":{"start":{"line":37,"column":4},"end":{"line":37,"column":25}},"13":{"start":{"line":38,"column":4},"end":{"line":38,"column":26}},"14":{"start":{"line":42,"column":4},"end":{"line":47,"column":7}},"15":{"start":{"line":43,"column":6},"end":{"line":43,"column":41}},"16":{"start":{"line":44,"column":6},"end":{"line":44,"column":51}},"17":{"start":{"line":45,"column":6},"end":{"line":45,"column":43}},"18":{"start":{"line":46,"column":6},"end":{"line":46,"column":20}},"19":{"start":{"line":49,"column":4},"end":{"line":52,"column":7}},"20":{"start":{"line":50,"column":6},"end":{"line":50,"column":97}},"21":{"start":{"line":51,"column":6},"end":{"line":51,"column":20}},"22":{"start":{"line":56,"column":18},"end":{"line":56,"column":48}},"23":{"start":{"line":58,"column":35},"end":{"line":58,"column":89}},"24":{"start":{"line":60,"column":4},"end":{"line":76,"column":7}},"25":{"start":{"line":61,"column":6},"end":{"line":75,"column":8}},"26":{"start":{"line":78,"column":4},"end":{"line":90,"column":7}},"27":{"start":{"line":79,"column":29},"end":{"line":79,"column":76}},"28":{"start":{"line":80,"column":6},"end":{"line":82,"column":7}},"29":{"start":{"line":81,"column":9},"end":{"line":81,"column":61}},"30":{"start":{"line":84,"column":6},"end":{"line":87,"column":8}},"31":{"start":{"line":89,"column":6},"end":{"line":89,"column":24}},"32":{"start":{"line":92,"column":24},"end":{"line":92,"column":66}},"33":{"start":{"line":94,"column":4},"end":{"line":112,"column":7}},"34":{"start":{"line":95,"column":6},"end":{"line":111,"column":8}},"35":{"start":{"line":114,"column":4},"end":{"line":114,"column":43}},"36":{"start":{"line":115,"column":4},"end":{"line":115,"column":32}},"37":{"start":{"line":117,"column":4},"end":{"line":117,"column":37}},"38":{"start":{"line":121,"column":4},"end":{"line":137,"column":7}},"39":{"start":{"line":122,"column":25},"end":{"line":122,"column":44}},"40":{"start":{"line":123,"column":23},"end":{"line":123,"column":76}},"41":{"start":{"line":125,"column":17},"end":{"line":125,"column":71}},"42":{"start":{"line":126,"column":6},"end":{"line":128,"column":7}},"43":{"start":{"line":127,"column":8},"end":{"line":127,"column":71}},"44":{"start":{"line":130,"column":25},"end":{"line":130,"column":83}},"45":{"start":{"line":132,"column":6},"end":{"line":136,"column":7}},"46":{"start":{"line":133,"column":8},"end":{"line":133,"column":52}},"47":{"start":{"line":135,"column":8},"end":{"line":135,"column":55}},"48":{"start":{"line":139,"column":4},"end":{"line":150,"column":7}},"49":{"start":{"line":140,"column":25},"end":{"line":140,"column":44}},"50":{"start":{"line":141,"column":19},"end":{"line":141,"column":73}},"51":{"start":{"line":143,"column":6},"end":{"line":146,"column":7}},"52":{"start":{"line":144,"column":8},"end":{"line":144,"column":55}},"53":{"start":{"line":145,"column":8},"end":{"line":145,"column":15}},"54":{"start":{"line":148,"column":25},"end":{"line":148,"column":83}},"55":{"start":{"line":149,"column":6},"end":{"line":149,"column":53}},"56":{"start":{"line":152,"column":4},"end":{"line":167,"column":7}},"57":{"start":{"line":153,"column":6},"end":{"line":166,"column":8}},"58":{"start":{"line":171,"column":4},"end":{"line":181,"column":7}},"59":{"start":{"line":172,"column":29},"end":{"line":172,"column":76}},"60":{"start":{"line":173,"column":6},"end":{"line":175,"column":7}},"61":{"start":{"line":174,"column":9},"end":{"line":174,"column":61}},"62":{"start":{"line":177,"column":6},"end":{"line":180,"column":8}},"63":{"start":{"line":183,"column":4},"end":{"line":241,"column":7}},"64":{"start":{"line":184,"column":6},"end":{"line":240,"column":7}},"65":{"start":{"line":185,"column":21},"end":{"line":185,"column":44}},"66":{"start":{"line":187,"column":8},"end":{"line":190,"column":9}},"67":{"start":{"line":188,"column":10},"end":{"line":188,"column":76}},"68":{"start":{"line":189,"column":10},"end":{"line":189,"column":17}},"69":{"start":{"line":192,"column":27},"end":{"line":192,"column":46}},"70":{"start":{"line":193,"column":21},"end":{"line":193,"column":75}},"71":{"start":{"line":195,"column":8},"end":{"line":198,"column":9}},"72":{"start":{"line":196,"column":10},"end":{"line":196,"column":57}},"73":{"start":{"line":197,"column":10},"end":{"line":197,"column":17}},"74":{"start":{"line":200,"column":31},"end":{"line":200,"column":85}},"75":{"start":{"line":201,"column":8},"end":{"line":204,"column":9}},"76":{"start":{"line":202,"column":10},"end":{"line":202,"column":95}},"77":{"start":{"line":203,"column":10},"end":{"line":203,"column":17}},"78":{"start":{"line":206,"column":34},"end":{"line":206,"column":95}},"79":{"start":{"line":207,"column":8},"end":{"line":210,"column":9}},"80":{"start":{"line":208,"column":10},"end":{"line":208,"column":80}},"81":{"start":{"line":209,"column":10},"end":{"line":209,"column":17}},"82":{"start":{"line":212,"column":22},"end":{"line":212,"column":90}},"83":{"start":{"line":213,"column":26},"end":{"line":213,"column":28}},"84":{"start":{"line":215,"column":26},"end":{"line":220,"column":null}},"85":{"start":{"line":223,"column":26},"end":{"line":223,"column":91}},"86":{"start":{"line":224,"column":8},"end":{"line":224,"column":77}},"87":{"start":{"line":226,"column":24},"end":{"line":226,"column":98}},"88":{"start":{"line":228,"column":8},"end":{"line":237,"column":10}},"89":{"start":{"line":239,"column":9},"end":{"line":239,"column":56}},"90":{"start":{"line":243,"column":4},"end":{"line":253,"column":7}},"91":{"start":{"line":244,"column":26},"end":{"line":244,"column":40}},"92":{"start":{"line":245,"column":6},"end":{"line":245,"column":31}},"93":{"start":{"line":245,"column":24},"end":{"line":245,"column":31}},"94":{"start":{"line":246,"column":24},"end":{"line":246,"column":81}},"95":{"start":{"line":248,"column":6},"end":{"line":252,"column":7}},"96":{"start":{"line":249,"column":8},"end":{"line":249,"column":53}},"97":{"start":{"line":251,"column":8},"end":{"line":251,"column":56}},"98":{"start":{"line":255,"column":4},"end":{"line":291,"column":7}},"99":{"start":{"line":256,"column":26},"end":{"line":256,"column":40}},"100":{"start":{"line":257,"column":6},"end":{"line":257,"column":31}},"101":{"start":{"line":257,"column":24},"end":{"line":257,"column":31}},"102":{"start":{"line":258,"column":24},"end":{"line":258,"column":81}},"103":{"start":{"line":260,"column":6},"end":{"line":263,"column":7}},"104":{"start":{"line":261,"column":8},"end":{"line":261,"column":56}},"105":{"start":{"line":262,"column":8},"end":{"line":262,"column":15}},"106":{"start":{"line":265,"column":22},"end":{"line":267,"column":null}},"107":{"start":{"line":270,"column":20},"end":{"line":270,"column":42}},"108":{"start":{"line":271,"column":6},"end":{"line":290,"column":8}},"109":{"start":{"line":293,"column":4},"end":{"line":328,"column":7}},"110":{"start":{"line":294,"column":26},"end":{"line":294,"column":40}},"111":{"start":{"line":295,"column":6},"end":{"line":295,"column":31}},"112":{"start":{"line":295,"column":24},"end":{"line":295,"column":31}},"113":{"start":{"line":296,"column":24},"end":{"line":296,"column":81}},"114":{"start":{"line":298,"column":6},"end":{"line":301,"column":7}},"115":{"start":{"line":299,"column":8},"end":{"line":299,"column":56}},"116":{"start":{"line":300,"column":8},"end":{"line":300,"column":15}},"117":{"start":{"line":303,"column":6},"end":{"line":303,"column":38}},"118":{"start":{"line":304,"column":7},"end":{"line":304,"column":61}},"119":{"start":{"line":305,"column":7},"end":{"line":305,"column":53}},"120":{"start":{"line":307,"column":6},"end":{"line":327,"column":8}},"121":{"start":{"line":330,"column":4},"end":{"line":340,"column":7}},"122":{"start":{"line":331,"column":21},"end":{"line":331,"column":33}},"123":{"start":{"line":333,"column":6},"end":{"line":337,"column":7}},"124":{"start":{"line":334,"column":8},"end":{"line":334,"column":62}},"125":{"start":{"line":335,"column":8},"end":{"line":335,"column":32}},"126":{"start":{"line":336,"column":8},"end":{"line":336,"column":15}},"127":{"start":{"line":339,"column":6},"end":{"line":339,"column":59}},"128":{"start":{"line":344,"column":4},"end":{"line":365,"column":5}},"129":{"start":{"line":345,"column":6},"end":{"line":345,"column":55}},"130":{"start":{"line":347,"column":23},"end":{"line":352,"column":8}},"131":{"start":{"line":347,"column":46},"end":{"line":352,"column":8}},"132":{"start":{"line":354,"column":6},"end":{"line":354,"column":91}},"133":{"start":{"line":356,"column":6},"end":{"line":364,"column":8}},"134":{"start":{"line":369,"column":4},"end":{"line":390,"column":6}},"135":{"start":{"line":394,"column":4},"end":{"line":400,"column":5}},"136":{"start":{"line":395,"column":6},"end":{"line":395,"column":30}},"137":{"start":{"line":396,"column":6},"end":{"line":396,"column":50}},"138":{"start":{"line":398,"column":6},"end":{"line":398,"column":51}},"139":{"start":{"line":399,"column":6},"end":{"line":399,"column":18}},"140":{"start":{"line":404,"column":4},"end":{"line":410,"column":5}},"141":{"start":{"line":405,"column":6},"end":{"line":405,"column":28}},"142":{"start":{"line":406,"column":6},"end":{"line":406,"column":50}},"143":{"start":{"line":408,"column":6},"end":{"line":408,"column":50}},"144":{"start":{"line":409,"column":6},"end":{"line":409,"column":18}},"145":{"start":{"line":23,"column":0},"end":{"line":23,"column":13}}},"fnMap":{"0":{"name":"(anonymous_0)","decl":{"start":{"line":29,"column":2},"end":{"line":29,"column":null}},"loc":{"start":{"line":29,"column":2},"end":{"line":39,"column":3}}},"1":{"name":"(anonymous_1)","decl":{"start":{"line":41,"column":10},"end":{"line":41,"column":25}},"loc":{"start":{"line":41,"column":25},"end":{"line":53,"column":3}}},"2":{"name":"(anonymous_2)","decl":{"start":{"line":42,"column":17},"end":{"line":42,"column":18}},"loc":{"start":{"line":42,"column":31},"end":{"line":47,"column":5}}},"3":{"name":"(anonymous_3)","decl":{"start":{"line":49,"column":17},"end":{"line":49,"column":18}},"loc":{"start":{"line":49,"column":31},"end":{"line":52,"column":5}}},"4":{"name":"(anonymous_4)","decl":{"start":{"line":55,"column":10},"end":{"line":55,"column":21}},"loc":{"start":{"line":55,"column":21},"end":{"line":118,"column":3}}},"5":{"name":"(anonymous_5)","decl":{"start":{"line":60,"column":33},"end":{"line":60,"column":38}},"loc":{"start":{"line":60,"column":47},"end":{"line":76,"column":5}}},"6":{"name":"(anonymous_6)","decl":{"start":{"line":78,"column":50},"end":{"line":78,"column":55}},"loc":{"start":{"line":78,"column":64},"end":{"line":90,"column":5}}},"7":{"name":"(anonymous_7)","decl":{"start":{"line":94,"column":22},"end":{"line":94,"column":27}},"loc":{"start":{"line":94,"column":36},"end":{"line":112,"column":5}}},"8":{"name":"(anonymous_8)","decl":{"start":{"line":120,"column":10},"end":{"line":120,"column":23}},"loc":{"start":{"line":120,"column":23},"end":{"line":168,"column":3}}},"9":{"name":"(anonymous_9)","decl":{"start":{"line":121,"column":19},"end":{"line":121,"column":24}},"loc":{"start":{"line":121,"column":33},"end":{"line":137,"column":5}}},"10":{"name":"(anonymous_10)","decl":{"start":{"line":139,"column":29},"end":{"line":139,"column":34}},"loc":{"start":{"line":139,"column":43},"end":{"line":150,"column":5}}},"11":{"name":"(anonymous_11)","decl":{"start":{"line":152,"column":29},"end":{"line":152,"column":34}},"loc":{"start":{"line":152,"column":43},"end":{"line":167,"column":5}}},"12":{"name":"(anonymous_12)","decl":{"start":{"line":170,"column":10},"end":{"line":170,"column":24}},"loc":{"start":{"line":170,"column":24},"end":{"line":341,"column":3}}},"13":{"name":"(anonymous_13)","decl":{"start":{"line":171,"column":36},"end":{"line":171,"column":41}},"loc":{"start":{"line":171,"column":50},"end":{"line":181,"column":5}}},"14":{"name":"(anonymous_14)","decl":{"start":{"line":183,"column":24},"end":{"line":183,"column":29}},"loc":{"start":{"line":183,"column":38},"end":{"line":241,"column":5}}},"15":{"name":"(anonymous_15)","decl":{"start":{"line":243,"column":42},"end":{"line":243,"column":47}},"loc":{"start":{"line":243,"column":56},"end":{"line":253,"column":5}}},"16":{"name":"(anonymous_16)","decl":{"start":{"line":255,"column":40},"end":{"line":255,"column":45}},"loc":{"start":{"line":255,"column":54},"end":{"line":291,"column":5}}},"17":{"name":"(anonymous_17)","decl":{"start":{"line":293,"column":37},"end":{"line":293,"column":42}},"loc":{"start":{"line":293,"column":51},"end":{"line":328,"column":5}}},"18":{"name":"(anonymous_18)","decl":{"start":{"line":330,"column":37},"end":{"line":330,"column":42}},"loc":{"start":{"line":330,"column":51},"end":{"line":340,"column":5}}},"19":{"name":"(anonymous_19)","decl":{"start":{"line":343,"column":10},"end":{"line":343,"column":15}},"loc":{"start":{"line":343,"column":71},"end":{"line":366,"column":3}}},"20":{"name":"(anonymous_20)","decl":{"start":{"line":347,"column":38},"end":{"line":347,"column":42}},"loc":{"start":{"line":347,"column":46},"end":{"line":352,"column":8}}},"21":{"name":"(anonymous_21)","decl":{"start":{"line":368,"column":10},"end":{"line":368,"column":15}},"loc":{"start":{"line":368,"column":62},"end":{"line":391,"column":3}}},"22":{"name":"(anonymous_22)","decl":{"start":{"line":393,"column":9},"end":{"line":393,"column":14}},"loc":{"start":{"line":393,"column":20},"end":{"line":401,"column":3}}},"23":{"name":"(anonymous_23)","decl":{"start":{"line":403,"column":9},"end":{"line":403,"column":14}},"loc":{"start":{"line":403,"column":19},"end":{"line":411,"column":3}}}},"branchMap":{"0":{"loc":{"start":{"line":50,"column":43},"end":{"line":50,"column":77}},"type":"binary-expr","locations":[{"start":{"line":50,"column":43},"end":{"line":50,"column":61}},{"start":{"line":50,"column":65},"end":{"line":50,"column":77}}]},"1":{"loc":{"start":{"line":80,"column":6},"end":{"line":82,"column":7}},"type":"if","locations":[{"start":{"line":80,"column":6},"end":{"line":82,"column":7}}]},"2":{"loc":{"start":{"line":123,"column":23},"end":{"line":123,"column":76}},"type":"binary-expr","locations":[{"start":{"line":123,"column":23},"end":{"line":123,"column":40}},{"start":{"line":123,"column":44},"end":{"line":123,"column":63}},{"start":{"line":123,"column":67},"end":{"line":123,"column":76}}]},"3":{"loc":{"start":{"line":126,"column":6},"end":{"line":128,"column":7}},"type":"if","locations":[{"start":{"line":126,"column":6},"end":{"line":128,"column":7}}]},"4":{"loc":{"start":{"line":132,"column":6},"end":{"line":136,"column":7}},"type":"if","locations":[{"start":{"line":132,"column":6},"end":{"line":136,"column":7}},{"start":{"line":134,"column":13},"end":{"line":136,"column":7}}]},"5":{"loc":{"start":{"line":143,"column":6},"end":{"line":146,"column":7}},"type":"if","locations":[{"start":{"line":143,"column":6},"end":{"line":146,"column":7}}]},"6":{"loc":{"start":{"line":173,"column":6},"end":{"line":175,"column":7}},"type":"if","locations":[{"start":{"line":173,"column":6},"end":{"line":175,"column":7}}]},"7":{"loc":{"start":{"line":184,"column":6},"end":{"line":240,"column":7}},"type":"if","locations":[{"start":{"line":184,"column":6},"end":{"line":240,"column":7}}]},"8":{"loc":{"start":{"line":184,"column":11},"end":{"line":184,"column":82}},"type":"binary-expr","locations":[{"start":{"line":184,"column":11},"end":{"line":184,"column":45}},{"start":{"line":184,"column":49},"end":{"line":184,"column":82}}]},"9":{"loc":{"start":{"line":187,"column":8},"end":{"line":190,"column":9}},"type":"if","locations":[{"start":{"line":187,"column":8},"end":{"line":190,"column":9}}]},"10":{"loc":{"start":{"line":187,"column":12},"end":{"line":187,"column":47}},"type":"binary-expr","locations":[{"start":{"line":187,"column":12},"end":{"line":187,"column":27}},{"start":{"line":187,"column":31},"end":{"line":187,"column":47}}]},"11":{"loc":{"start":{"line":195,"column":8},"end":{"line":198,"column":9}},"type":"if","locations":[{"start":{"line":195,"column":8},"end":{"line":198,"column":9}}]},"12":{"loc":{"start":{"line":201,"column":8},"end":{"line":204,"column":9}},"type":"if","locations":[{"start":{"line":201,"column":8},"end":{"line":204,"column":9}}]},"13":{"loc":{"start":{"line":207,"column":8},"end":{"line":210,"column":9}},"type":"if","locations":[{"start":{"line":207,"column":8},"end":{"line":210,"column":9}}]},"14":{"loc":{"start":{"line":245,"column":6},"end":{"line":245,"column":31}},"type":"if","locations":[{"start":{"line":245,"column":6},"end":{"line":245,"column":31}}]},"15":{"loc":{"start":{"line":248,"column":6},"end":{"line":252,"column":7}},"type":"if","locations":[{"start":{"line":248,"column":6},"end":{"line":252,"column":7}},{"start":{"line":250,"column":13},"end":{"line":252,"column":7}}]},"16":{"loc":{"start":{"line":257,"column":6},"end":{"line":257,"column":31}},"type":"if","locations":[{"start":{"line":257,"column":6},"end":{"line":257,"column":31}}]},"17":{"loc":{"start":{"line":260,"column":6},"end":{"line":263,"column":7}},"type":"if","locations":[{"start":{"line":260,"column":6},"end":{"line":263,"column":7}}]},"18":{"loc":{"start":{"line":267,"column":8},"end":{"line":267,"column":33}},"type":"binary-expr","locations":[{"start":{"line":267,"column":8},"end":{"line":267,"column":27}},{"start":{"line":267,"column":31},"end":{"line":267,"column":33}}]},"19":{"loc":{"start":{"line":295,"column":6},"end":{"line":295,"column":31}},"type":"if","locations":[{"start":{"line":295,"column":6},"end":{"line":295,"column":31}}]},"20":{"loc":{"start":{"line":298,"column":6},"end":{"line":301,"column":7}},"type":"if","locations":[{"start":{"line":298,"column":6},"end":{"line":301,"column":7}}]},"21":{"loc":{"start":{"line":333,"column":6},"end":{"line":337,"column":7}},"type":"if","locations":[{"start":{"line":333,"column":6},"end":{"line":337,"column":7}}]},"22":{"loc":{"start":{"line":344,"column":4},"end":{"line":365,"column":5}},"type":"if","locations":[{"start":{"line":344,"column":4},"end":{"line":365,"column":5}},{"start":{"line":346,"column":11},"end":{"line":365,"column":5}}]}},"s":{"0":0,"1":0,"2":0,"3":0,"4":0,"5":0,"6":0,"7":0,"8":0,"9":0,"10":0,"11":0,"12":0,"13":0,"14":0,"15":0,"16":0,"17":0,"18":0,"19":0,"20":0,"21":0,"22":0,"23":0,"24":0,"25":0,"26":0,"27":0,"28":0,"29":0,"30":0,"31":0,"32":0,"33":0,"34":0,"35":0,"36":0,"37":0,"38":0,"39":0,"40":0,"41":0,"42":0,"43":0,"44":0,"45":0,"46":0,"47":0,"48":0,"49":0,"50":0,"51":0,"52":0,"53":0,"54":0,"55":0,"56":0,"57":0,"58":0,"59":0,"60":0,"61":0,"62":0,"63":0,"64":0,"65":0,"66":0,"67":0,"68":0,"69":0,"70":0,"71":0,"72":0,"73":0,"74":0,"75":0,"76":0,"77":0,"78":0,"79":0,"80":0,"81":0,"82":0,"83":0,"84":0,"85":0,"86":0,"87":0,"88":0,"89":0,"90":0,"91":0,"92":0,"93":0,"94":0,"95":0,"96":0,"97":0,"98":0,"99":0,"100":0,"101":0,"102":0,"103":0,"104":0,"105":0,"106":0,"107":0,"108":0,"109":0,"110":0,"111":0,"112":0,"113":0,"114":0,"115":0,"116":0,"117":0,"118":0,"119":0,"120":0,"121":0,"122":0,"123":0,"124":0,"125":0,"126":0,"127":0,"128":0,"129":0,"130":0,"131":0,"132":0,"133":0,"134":0,"135":0,"136":0,"137":0,"138":0,"139":0,"140":0,"141":0,"142":0,"143":0,"144":0,"145":0},"f":{"0":0,"1":0,"2":0,"3":0,"4":0,"5":0,"6":0,"7":0,"8":0,"9":0,"10":0,"11":0,"12":0,"13":0,"14":0,"15":0,"16":0,"17":0,"18":0,"19":0,"20":0,"21":0,"22":0,"23":0},"b":{"0":[0,0],"1":[0],"2":[0,0,0],"3":[0],"4":[0,0],"5":[0],"6":[0],"7":[0],"8":[0,0],"9":[0],"10":[0,0],"11":[0],"12":[0],"13":[0],"14":[0],"15":[0,0],"16":[0],"17":[0],"18":[0,0],"19":[0],"20":[0],"21":[0],"22":[0,0]}}
,"/Users/viktordzundza/projects/shit/src/database/client.ts": {"path":"/Users/viktordzundza/projects/shit/src/database/client.ts","statementMap":{"0":{"start":{"line":1,"column":0},"end":{"line":1,"column":46}},"1":{"start":{"line":2,"column":0},"end":{"line":2,"column":34}},"2":{"start":{"line":8,"column":15},"end":{"line":15,"column":2}},"3":{"start":{"line":17,"column":0},"end":{"line":19,"column":1}},"4":{"start":{"line":18,"column":2},"end":{"line":18,"column":31}},"5":{"start":{"line":21,"column":0},"end":{"line":21,"column":22}}},"fnMap":{},"branchMap":{"0":{"loc":{"start":{"line":8,"column":15},"end":{"line":15,"column":2}},"type":"binary-expr","locations":[{"start":{"line":8,"column":15},"end":{"line":8,"column":34}},{"start":{"line":8,"column":38},"end":{"line":15,"column":2}}]},"1":{"loc":{"start":{"line":14,"column":7},"end":{"line":14,"column":84}},"type":"cond-expr","locations":[{"start":{"line":14,"column":46},"end":{"line":14,"column":72}},{"start":{"line":14,"column":75},"end":{"line":14,"column":84}}]},"2":{"loc":{"start":{"line":17,"column":0},"end":{"line":19,"column":1}},"type":"if","locations":[{"start":{"line":17,"column":0},"end":{"line":19,"column":1}}]}},"s":{"0":0,"1":0,"2":0,"3":0,"4":0,"5":0},"f":{},"b":{"0":[0,0],"1":[0,0],"2":[0]}}
,"/Users/viktordzundza/projects/shit/src/database/services/CharacterService.ts": {"path":"/Users/viktordzundza/projects/shit/src/database/services/CharacterService.ts","statementMap":{"0":{"start":{"line":2,"column":0},"end":{"line":2,"column":31}},"1":{"start":{"line":25,"column":31},"end":{"line":25,"column":50}},"2":{"start":{"line":34,"column":4},"end":{"line":44,"column":7}},"3":{"start":{"line":48,"column":4},"end":{"line":50,"column":7}},"4":{"start":{"line":54,"column":4},"end":{"line":61,"column":7}},"5":{"start":{"line":65,"column":4},"end":{"line":68,"column":7}},"6":{"start":{"line":72,"column":38},"end":{"line":72,"column":42}},"7":{"start":{"line":73,"column":4},"end":{"line":76,"column":7}},"8":{"start":{"line":80,"column":4},"end":{"line":85,"column":7}},"9":{"start":{"line":89,"column":4},"end":{"line":94,"column":7}},"10":{"start":{"line":98,"column":4},"end":{"line":105,"column":7}},"11":{"start":{"line":109,"column":4},"end":{"line":115,"column":7}},"12":{"start":{"line":119,"column":4},"end":{"line":122,"column":7}},"13":{"start":{"line":126,"column":4},"end":{"line":128,"column":7}},"14":{"start":{"line":132,"column":4},"end":{"line":150,"column":7}},"15":{"start":{"line":154,"column":4},"end":{"line":163,"column":7}},"16":{"start":{"line":167,"column":4},"end":{"line":179,"column":7}},"17":{"start":{"line":183,"column":4},"end":{"line":185,"column":7}},"18":{"start":{"line":189,"column":4},"end":{"line":204,"column":7}},"19":{"start":{"line":24,"column":0},"end":{"line":24,"column":13}}},"fnMap":{"0":{"name":"(anonymous_1)","decl":{"start":{"line":25,"column":2},"end":{"line":25,"column":31}},"loc":{"start":{"line":25,"column":56},"end":{"line":25,"column":60}}},"1":{"name":"(anonymous_2)","decl":{"start":{"line":27,"column":2},"end":{"line":27,"column":7}},"loc":{"start":{"line":32,"column":24},"end":{"line":45,"column":3}}},"2":{"name":"(anonymous_3)","decl":{"start":{"line":47,"column":2},"end":{"line":47,"column":7}},"loc":{"start":{"line":47,"column":35},"end":{"line":51,"column":3}}},"3":{"name":"(anonymous_4)","decl":{"start":{"line":53,"column":2},"end":{"line":53,"column":7}},"loc":{"start":{"line":53,"column":55},"end":{"line":62,"column":3}}},"4":{"name":"(anonymous_5)","decl":{"start":{"line":64,"column":2},"end":{"line":64,"column":7}},"loc":{"start":{"line":64,"column":44},"end":{"line":69,"column":3}}},"5":{"name":"(anonymous_6)","decl":{"start":{"line":71,"column":2},"end":{"line":71,"column":7}},"loc":{"start":{"line":71,"column":60},"end":{"line":77,"column":3}}},"6":{"name":"(anonymous_7)","decl":{"start":{"line":79,"column":2},"end":{"line":79,"column":7}},"loc":{"start":{"line":79,"column":62},"end":{"line":86,"column":3}}},"7":{"name":"(anonymous_8)","decl":{"start":{"line":88,"column":2},"end":{"line":88,"column":7}},"loc":{"start":{"line":88,"column":65},"end":{"line":95,"column":3}}},"8":{"name":"(anonymous_9)","decl":{"start":{"line":97,"column":2},"end":{"line":97,"column":7}},"loc":{"start":{"line":97,"column":36},"end":{"line":106,"column":3}}},"9":{"name":"(anonymous_10)","decl":{"start":{"line":108,"column":2},"end":{"line":108,"column":7}},"loc":{"start":{"line":108,"column":70},"end":{"line":116,"column":3}}},"10":{"name":"(anonymous_11)","decl":{"start":{"line":118,"column":2},"end":{"line":118,"column":7}},"loc":{"start":{"line":118,"column":53},"end":{"line":123,"column":3}}},"11":{"name":"(anonymous_12)","decl":{"start":{"line":125,"column":2},"end":{"line":125,"column":7}},"loc":{"start":{"line":125,"column":34},"end":{"line":129,"column":3}}},"12":{"name":"(anonymous_13)","decl":{"start":{"line":131,"column":2},"end":{"line":131,"column":7}},"loc":{"start":{"line":131,"column":44},"end":{"line":151,"column":3}}},"13":{"name":"(anonymous_14)","decl":{"start":{"line":153,"column":2},"end":{"line":153,"column":7}},"loc":{"start":{"line":153,"column":41},"end":{"line":164,"column":3}}},"14":{"name":"(anonymous_15)","decl":{"start":{"line":166,"column":2},"end":{"line":166,"column":7}},"loc":{"start":{"line":166,"column":42},"end":{"line":180,"column":3}}},"15":{"name":"(anonymous_16)","decl":{"start":{"line":182,"column":2},"end":{"line":182,"column":7}},"loc":{"start":{"line":182,"column":40},"end":{"line":186,"column":3}}},"16":{"name":"(anonymous_17)","decl":{"start":{"line":188,"column":2},"end":{"line":188,"column":7}},"loc":{"start":{"line":188,"column":64},"end":{"line":205,"column":3}}}},"branchMap":{"0":{"loc":{"start":{"line":25,"column":31},"end":{"line":25,"column":56}},"type":"default-arg","locations":[{"start":{"line":25,"column":50},"end":{"line":25,"column":56}}]},"1":{"loc":{"start":{"line":193,"column":14},"end":{"line":193,"column":43}},"type":"binary-expr","locations":[{"start":{"line":193,"column":14},"end":{"line":193,"column":22}},{"start":{"line":193,"column":26},"end":{"line":193,"column":43}}]}},"s":{"0":0,"1":0,"2":0,"3":0,"4":0,"5":0,"6":0,"7":0,"8":0,"9":0,"10":0,"11":0,"12":0,"13":0,"14":0,"15":0,"16":0,"17":0,"18":0,"19":0},"f":{"0":0,"1":0,"2":0,"3":0,"4":0,"5":0,"6":0,"7":0,"8":0,"9":0,"10":0,"11":0,"12":0,"13":0,"14":0,"15":0,"16":0},"b":{"0":[0],"1":[0,0]}}
,"/Users/viktordzundza/projects/shit/src/database/services/UserService.ts": {"path":"/Users/viktordzundza/projects/shit/src/database/services/UserService.ts","statementMap":{"0":{"start":{"line":2,"column":0},"end":{"line":2,"column":31}},"1":{"start":{"line":5,"column":31},"end":{"line":5,"column":50}},"2":{"start":{"line":8,"column":4},"end":{"line":15,"column":7}},"3":{"start":{"line":19,"column":4},"end":{"line":21,"column":7}},"4":{"start":{"line":25,"column":4},"end":{"line":27,"column":7}},"5":{"start":{"line":31,"column":4},"end":{"line":34,"column":7}},"6":{"start":{"line":38,"column":4},"end":{"line":45,"column":7}},"7":{"start":{"line":49,"column":4},"end":{"line":56,"column":7}},"8":{"start":{"line":60,"column":4},"end":{"line":67,"column":7}},"9":{"start":{"line":71,"column":4},"end":{"line":78,"column":7}},"10":{"start":{"line":82,"column":4},"end":{"line":84,"column":7}},"11":{"start":{"line":88,"column":4},"end":{"line":95,"column":7}},"12":{"start":{"line":99,"column":17},"end":{"line":118,"column":6}},"13":{"start":{"line":120,"column":4},"end":{"line":120,"column":16}},"14":{"start":{"line":4,"column":0},"end":{"line":4,"column":13}}},"fnMap":{"0":{"name":"(anonymous_1)","decl":{"start":{"line":5,"column":2},"end":{"line":5,"column":31}},"loc":{"start":{"line":5,"column":56},"end":{"line":5,"column":60}}},"1":{"name":"(anonymous_2)","decl":{"start":{"line":7,"column":2},"end":{"line":7,"column":7}},"loc":{"start":{"line":7,"column":56},"end":{"line":16,"column":3}}},"2":{"name":"(anonymous_3)","decl":{"start":{"line":18,"column":2},"end":{"line":18,"column":7}},"loc":{"start":{"line":18,"column":46},"end":{"line":22,"column":3}}},"3":{"name":"(anonymous_4)","decl":{"start":{"line":24,"column":2},"end":{"line":24,"column":7}},"loc":{"start":{"line":24,"column":30},"end":{"line":28,"column":3}}},"4":{"name":"(anonymous_5)","decl":{"start":{"line":30,"column":2},"end":{"line":30,"column":7}},"loc":{"start":{"line":30,"column":50},"end":{"line":35,"column":3}}},"5":{"name":"(anonymous_6)","decl":{"start":{"line":37,"column":2},"end":{"line":37,"column":7}},"loc":{"start":{"line":37,"column":42},"end":{"line":46,"column":3}}},"6":{"name":"(anonymous_7)","decl":{"start":{"line":48,"column":2},"end":{"line":48,"column":7}},"loc":{"start":{"line":48,"column":42},"end":{"line":57,"column":3}}},"7":{"name":"(anonymous_8)","decl":{"start":{"line":59,"column":2},"end":{"line":59,"column":7}},"loc":{"start":{"line":59,"column":44},"end":{"line":68,"column":3}}},"8":{"name":"(anonymous_9)","decl":{"start":{"line":70,"column":2},"end":{"line":70,"column":7}},"loc":{"start":{"line":70,"column":44},"end":{"line":79,"column":3}}},"9":{"name":"(anonymous_10)","decl":{"start":{"line":81,"column":2},"end":{"line":81,"column":7}},"loc":{"start":{"line":81,"column":29},"end":{"line":85,"column":3}}},"10":{"name":"(anonymous_11)","decl":{"start":{"line":87,"column":2},"end":{"line":87,"column":7}},"loc":{"start":{"line":87,"column":48},"end":{"line":96,"column":3}}},"11":{"name":"(anonymous_12)","decl":{"start":{"line":98,"column":2},"end":{"line":98,"column":7}},"loc":{"start":{"line":98,"column":39},"end":{"line":121,"column":3}}}},"branchMap":{"0":{"loc":{"start":{"line":5,"column":31},"end":{"line":5,"column":56}},"type":"default-arg","locations":[{"start":{"line":5,"column":50},"end":{"line":5,"column":56}}]},"1":{"loc":{"start":{"line":11,"column":18},"end":{"line":11,"column":34}},"type":"binary-expr","locations":[{"start":{"line":11,"column":18},"end":{"line":11,"column":26}},{"start":{"line":11,"column":30},"end":{"line":11,"column":34}}]}},"s":{"0":0,"1":0,"2":0,"3":0,"4":0,"5":0,"6":0,"7":0,"8":0,"9":0,"10":0,"11":0,"12":0,"13":0,"14":0},"f":{"0":0,"1":0,"2":0,"3":0,"4":0,"5":0,"6":0,"7":0,"8":0,"9":0,"10":0,"11":0},"b":{"0":[0],"1":[0,0]}}
,"/Users/viktordzundza/projects/shit/src/game/services/CombatService.ts": {"path":"/Users/viktordzundza/projects/shit/src/game/services/CombatService.ts","statementMap":{"0":{"start":{"line":1,"column":0},"end":{"line":1,"column":48}},"1":{"start":{"line":63,"column":21},"end":{"line":63,"column":59}},"2":{"start":{"line":65,"column":4},"end":{"line":67,"column":5}},"3":{"start":{"line":66,"column":6},"end":{"line":66,"column":24}},"4":{"start":{"line":69,"column":29},"end":{"line":69,"column":56}},"5":{"start":{"line":70,"column":24},"end":{"line":70,"column":78}},"6":{"start":{"line":72,"column":4},"end":{"line":72,"column":23}},"7":{"start":{"line":76,"column":4},"end":{"line":76,"column":38}},"8":{"start":{"line":80,"column":70},"end":{"line":135,"column":6}},"9":{"start":{"line":137,"column":4},"end":{"line":137,"column":85}},"10":{"start":{"line":146,"column":21},"end":{"line":146,"column":22}},"11":{"start":{"line":147,"column":21},"end":{"line":147,"column":22}},"12":{"start":{"line":148,"column":14},"end":{"line":148,"column":16}},"13":{"start":{"line":150,"column":4},"end":{"line":192,"column":5}},"14":{"start":{"line":151,"column":21},"end":{"line":151,"column":66}},"15":{"start":{"line":152,"column":6},"end":{"line":152,"column":85}},"16":{"start":{"line":153,"column":6},"end":{"line":153,"column":21}},"17":{"start":{"line":154,"column":6},"end":{"line":154,"column":85}},"18":{"start":{"line":155,"column":11},"end":{"line":192,"column":5}},"19":{"start":{"line":156,"column":24},"end":{"line":156,"column":90}},"20":{"start":{"line":158,"column":6},"end":{"line":169,"column":7}},"21":{"start":{"line":159,"column":8},"end":{"line":168,"column":10}},"22":{"start":{"line":171,"column":21},"end":{"line":172,"column":null}},"23":{"start":{"line":174,"column":6},"end":{"line":179,"column":8}},"24":{"start":{"line":180,"column":6},"end":{"line":180,"column":36}},"25":{"start":{"line":181,"column":6},"end":{"line":181,"column":94}},"26":{"start":{"line":182,"column":11},"end":{"line":192,"column":5}},"27":{"start":{"line":183,"column":6},"end":{"line":191,"column":8}},"28":{"start":{"line":194,"column":23},"end":{"line":194,"column":57}},"29":{"start":{"line":196,"column":4},"end":{"line":206,"column":5}},"30":{"start":{"line":197,"column":6},"end":{"line":205,"column":8}},"31":{"start":{"line":208,"column":24},"end":{"line":223,"column":null}},"32":{"start":{"line":226,"column":22},"end":{"line":226,"column":66}},"33":{"start":{"line":228,"column":4},"end":{"line":239,"column":5}},"34":{"start":{"line":229,"column":6},"end":{"line":238,"column":8}},"35":{"start":{"line":241,"column":4},"end":{"line":250,"column":6}},"36":{"start":{"line":258,"column":22},"end":{"line":258,"column":49}},"37":{"start":{"line":259,"column":23},"end":{"line":259,"column":25}},"38":{"start":{"line":261,"column":4},"end":{"line":267,"column":5}},"39":{"start":{"line":262,"column":6},"end":{"line":262,"column":40}},"40":{"start":{"line":263,"column":11},"end":{"line":267,"column":5}},"41":{"start":{"line":264,"column":6},"end":{"line":264,"column":53}},"42":{"start":{"line":266,"column":6},"end":{"line":266,"column":16}},"43":{"start":{"line":271,"column":4},"end":{"line":279,"column":6}},"44":{"start":{"line":56,"column":0},"end":{"line":56,"column":13}}},"fnMap":{"0":{"name":"(anonymous_0)","decl":{"start":{"line":57,"column":2},"end":{"line":57,"column":8}},"loc":{"start":{"line":61,"column":27},"end":{"line":73,"column":3}}},"1":{"name":"(anonymous_1)","decl":{"start":{"line":75,"column":2},"end":{"line":75,"column":8}},"loc":{"start":{"line":75,"column":41},"end":{"line":77,"column":3}}},"2":{"name":"(anonymous_2)","decl":{"start":{"line":79,"column":2},"end":{"line":79,"column":8}},"loc":{"start":{"line":79,"column":69},"end":{"line":138,"column":3}}},"3":{"name":"(anonymous_3)","decl":{"start":{"line":140,"column":2},"end":{"line":140,"column":8}},"loc":{"start":{"line":144,"column":20},"end":{"line":251,"column":3}}},"4":{"name":"(anonymous_4)","decl":{"start":{"line":253,"column":2},"end":{"line":253,"column":8}},"loc":{"start":{"line":256,"column":35},"end":{"line":268,"column":3}}},"5":{"name":"(anonymous_5)","decl":{"start":{"line":270,"column":2},"end":{"line":270,"column":8}},"loc":{"start":{"line":270,"column":59},"end":{"line":280,"column":3}}}},"branchMap":{"0":{"loc":{"start":{"line":60,"column":4},"end":{"line":60,"column":33}},"type":"default-arg","locations":[{"start":{"line":60,"column":30},"end":{"line":60,"column":33}}]},"1":{"loc":{"start":{"line":61,"column":4},"end":{"line":61,"column":27}},"type":"default-arg","locations":[{"start":{"line":61,"column":22},"end":{"line":61,"column":27}}]},"2":{"loc":{"start":{"line":65,"column":4},"end":{"line":67,"column":5}},"type":"if","locations":[{"start":{"line":65,"column":4},"end":{"line":67,"column":5}}]},"3":{"loc":{"start":{"line":137,"column":11},"end":{"line":137,"column":84}},"type":"binary-expr","locations":[{"start":{"line":137,"column":11},"end":{"line":137,"column":44}},{"start":{"line":137,"column":48},"end":{"line":137,"column":84}}]},"4":{"loc":{"start":{"line":150,"column":4},"end":{"line":192,"column":5}},"type":"if","locations":[{"start":{"line":150,"column":4},"end":{"line":192,"column":5}},{"start":{"line":155,"column":11},"end":{"line":192,"column":5}}]},"5":{"loc":{"start":{"line":154,"column":50},"end":{"line":154,"column":82}},"type":"cond-expr","locations":[{"start":{"line":154,"column":59},"end":{"line":154,"column":77}},{"start":{"line":154,"column":80},"end":{"line":154,"column":82}}]},"6":{"loc":{"start":{"line":155,"column":11},"end":{"line":192,"column":5}},"type":"if","locations":[{"start":{"line":155,"column":11},"end":{"line":192,"column":5}},{"start":{"line":182,"column":11},"end":{"line":192,"column":5}}]},"7":{"loc":{"start":{"line":155,"column":15},"end":{"line":155,"column":44}},"type":"binary-expr","locations":[{"start":{"line":155,"column":15},"end":{"line":155,"column":33}},{"start":{"line":155,"column":37},"end":{"line":155,"column":44}}]},"8":{"loc":{"start":{"line":158,"column":6},"end":{"line":169,"column":7}},"type":"if","locations":[{"start":{"line":158,"column":6},"end":{"line":169,"column":7}}]},"9":{"loc":{"start":{"line":172,"column":37},"end":{"line":172,"column":61}},"type":"binary-expr","locations":[{"start":{"line":172,"column":37},"end":{"line":172,"column":56}},{"start":{"line":172,"column":60},"end":{"line":172,"column":61}}]},"10":{"loc":{"start":{"line":181,"column":59},"end":{"line":181,"column":91}},"type":"cond-expr","locations":[{"start":{"line":181,"column":68},"end":{"line":181,"column":86}},{"start":{"line":181,"column":89},"end":{"line":181,"column":91}}]},"11":{"loc":{"start":{"line":182,"column":11},"end":{"line":192,"column":5}},"type":"if","locations":[{"start":{"line":182,"column":11},"end":{"line":192,"column":5}}]},"12":{"loc":{"start":{"line":196,"column":4},"end":{"line":206,"column":5}},"type":"if","locations":[{"start":{"line":196,"column":4},"end":{"line":206,"column":5}}]},"13":{"loc":{"start":{"line":228,"column":4},"end":{"line":239,"column":5}},"type":"if","locations":[{"start":{"line":228,"column":4},"end":{"line":239,"column":5}}]},"14":{"loc":{"start":{"line":261,"column":4},"end":{"line":267,"column":5}},"type":"if","locations":[{"start":{"line":261,"column":4},"end":{"line":267,"column":5}},{"start":{"line":263,"column":11},"end":{"line":267,"column":5}}]},"15":{"loc":{"start":{"line":263,"column":11},"end":{"line":267,"column":5}},"type":"if","locations":[{"start":{"line":263,"column":11},"end":{"line":267,"column":5}},{"start":{"line":265,"column":11},"end":{"line":267,"column":5}}]}},"s":{"0":1,"1":7,"2":7,"3":2,"4":7,"5":7,"6":7,"7":5,"8":4,"9":4,"10":4,"11":4,"12":4,"13":4,"14":1,"15":1,"16":1,"17":1,"18":3,"19":2,"20":2,"21":1,"22":1,"23":1,"24":1,"25":1,"26":1,"27":1,"28":2,"29":2,"30":0,"31":2,"32":2,"33":2,"34":0,"35":2,"36":3,"37":3,"38":3,"39":2,"40":1,"41":1,"42":0,"43":0,"44":1},"f":{"0":7,"1":5,"2":4,"3":4,"4":3,"5":0},"b":{"0":[1],"1":[1],"2":[2],"3":[4,1],"4":[1,3],"5":[1,0],"6":[2,1],"7":[3,2],"8":[1],"9":[1,1],"10":[0,1],"11":[1],"12":[0],"13":[0],"14":[2,1],"15":[1,0]}}
,"/Users/viktordzundza/projects/shit/src/game/services/LevelingService.ts": {"path":"/Users/viktordzundza/projects/shit/src/game/services/LevelingService.ts","statementMap":{"0":{"start":{"line":1,"column":0},"end":{"line":1,"column":48}},"1":{"start":{"line":2,"column":0},"end":{"line":2,"column":34}},"2":{"start":{"line":27,"column":4},"end":{"line":27,"column":50}},"3":{"start":{"line":31,"column":16},"end":{"line":31,"column":17}},"4":{"start":{"line":32,"column":4},"end":{"line":34,"column":5}},"5":{"start":{"line":32,"column":17},"end":{"line":32,"column":18}},"6":{"start":{"line":33,"column":6},"end":{"line":33,"column":43}},"7":{"start":{"line":35,"column":4},"end":{"line":35,"column":17}},"8":{"start":{"line":45,"column":21},"end":{"line":45,"column":33}},"9":{"start":{"line":46,"column":19},"end":{"line":46,"column":31}},"10":{"start":{"line":47,"column":16},"end":{"line":47,"column":36}},"11":{"start":{"line":48,"column":23},"end":{"line":48,"column":24}},"12":{"start":{"line":50,"column":4},"end":{"line":53,"column":5}},"13":{"start":{"line":51,"column":6},"end":{"line":51,"column":17}},"14":{"start":{"line":52,"column":6},"end":{"line":52,"column":21}},"15":{"start":{"line":55,"column":4},"end":{"line":69,"column":5}},"16":{"start":{"line":56,"column":23},"end":{"line":59,"column":null}},"17":{"start":{"line":61,"column":6},"end":{"line":68,"column":8}},"18":{"start":{"line":71,"column":4},"end":{"line":77,"column":6}},"19":{"start":{"line":85,"column":21},"end":{"line":85,"column":33}},"20":{"start":{"line":87,"column":4},"end":{"line":87,"column":61}},"21":{"start":{"line":88,"column":4},"end":{"line":88,"column":61}},"22":{"start":{"line":89,"column":4},"end":{"line":89,"column":69}},"23":{"start":{"line":90,"column":4},"end":{"line":90,"column":71}},"24":{"start":{"line":91,"column":4},"end":{"line":91,"column":67}},"25":{"start":{"line":92,"column":4},"end":{"line":92,"column":77}},"26":{"start":{"line":94,"column":25},"end":{"line":94,"column":69}},"27":{"start":{"line":95,"column":4},"end":{"line":99,"column":5}},"28":{"start":{"line":96,"column":6},"end":{"line":98,"column":7}},"29":{"start":{"line":97,"column":9},"end":{"line":97,"column":68}},"30":{"start":{"line":101,"column":4},"end":{"line":101,"column":20}},"31":{"start":{"line":105,"column":19},"end":{"line":105,"column":65}},"32":{"start":{"line":106,"column":19},"end":{"line":106,"column":64}},"33":{"start":{"line":107,"column":23},"end":{"line":107,"column":72}},"34":{"start":{"line":108,"column":24},"end":{"line":108,"column":73}},"35":{"start":{"line":109,"column":22},"end":{"line":109,"column":71}},"36":{"start":{"line":110,"column":27},"end":{"line":110,"column":82}},"37":{"start":{"line":112,"column":19},"end":{"line":112,"column":28}},"38":{"start":{"line":113,"column":18},"end":{"line":113,"column":27}},"39":{"start":{"line":114,"column":23},"end":{"line":114,"column":32}},"40":{"start":{"line":115,"column":18},"end":{"line":115,"column":19}},"41":{"start":{"line":116,"column":22},"end":{"line":116,"column":23}},"42":{"start":{"line":118,"column":4},"end":{"line":136,"column":5}},"43":{"start":{"line":119,"column":6},"end":{"line":119,"column":27}},"44":{"start":{"line":120,"column":6},"end":{"line":120,"column":26}},"45":{"start":{"line":121,"column":6},"end":{"line":121,"column":31}},"46":{"start":{"line":122,"column":6},"end":{"line":122,"column":19}},"47":{"start":{"line":123,"column":6},"end":{"line":123,"column":22}},"48":{"start":{"line":124,"column":11},"end":{"line":136,"column":5}},"49":{"start":{"line":125,"column":6},"end":{"line":125,"column":27}},"50":{"start":{"line":126,"column":6},"end":{"line":126,"column":26}},"51":{"start":{"line":127,"column":6},"end":{"line":127,"column":31}},"52":{"start":{"line":128,"column":6},"end":{"line":128,"column":18}},"53":{"start":{"line":129,"column":6},"end":{"line":129,"column":22}},"54":{"start":{"line":130,"column":11},"end":{"line":136,"column":5}},"55":{"start":{"line":131,"column":6},"end":{"line":131,"column":27}},"56":{"start":{"line":132,"column":6},"end":{"line":132,"column":26}},"57":{"start":{"line":133,"column":6},"end":{"line":133,"column":31}},"58":{"start":{"line":134,"column":6},"end":{"line":134,"column":18}},"59":{"start":{"line":135,"column":6},"end":{"line":135,"column":22}},"60":{"start":{"line":138,"column":4},"end":{"line":148,"column":6}},"61":{"start":{"line":152,"column":32},"end":{"line":152,"column":79}},"62":{"start":{"line":153,"column":4},"end":{"line":153,"column":43}},"63":{"start":{"line":161,"column":27},"end":{"line":161,"column":70}},"64":{"start":{"line":162,"column":24},"end":{"line":162,"column":71}},"65":{"start":{"line":163,"column":29},"end":{"line":163,"column":55}},"66":{"start":{"line":164,"column":31},"end":{"line":164,"column":59}},"67":{"start":{"line":165,"column":23},"end":{"line":165,"column":68}},"68":{"start":{"line":167,"column":4},"end":{"line":171,"column":6}},"69":{"start":{"line":175,"column":4},"end":{"line":175,"column":72}},"70":{"start":{"line":179,"column":4},"end":{"line":179,"column":14}},"71":{"start":{"line":183,"column":4},"end":{"line":183,"column":39}},"72":{"start":{"line":25,"column":0},"end":{"line":25,"column":13}}},"fnMap":{"0":{"name":"(anonymous_0)","decl":{"start":{"line":26,"column":2},"end":{"line":26,"column":8}},"loc":{"start":{"line":26,"column":42},"end":{"line":28,"column":3}}},"1":{"name":"(anonymous_1)","decl":{"start":{"line":30,"column":2},"end":{"line":30,"column":8}},"loc":{"start":{"line":30,"column":47},"end":{"line":36,"column":3}}},"2":{"name":"(anonymous_2)","decl":{"start":{"line":38,"column":2},"end":{"line":38,"column":8}},"loc":{"start":{"line":43,"column":32},"end":{"line":78,"column":3}}},"3":{"name":"(anonymous_3)","decl":{"start":{"line":80,"column":2},"end":{"line":80,"column":8}},"loc":{"start":{"line":83,"column":24},"end":{"line":102,"column":3}}},"4":{"name":"(anonymous_4)","decl":{"start":{"line":104,"column":2},"end":{"line":104,"column":8}},"loc":{"start":{"line":104,"column":74},"end":{"line":149,"column":3}}},"5":{"name":"(anonymous_5)","decl":{"start":{"line":151,"column":2},"end":{"line":151,"column":8}},"loc":{"start":{"line":151,"column":65},"end":{"line":154,"column":3}}},"6":{"name":"(anonymous_6)","decl":{"start":{"line":156,"column":2},"end":{"line":156,"column":8}},"loc":{"start":{"line":156,"column":62},"end":{"line":172,"column":3}}},"7":{"name":"(anonymous_7)","decl":{"start":{"line":174,"column":2},"end":{"line":174,"column":8}},"loc":{"start":{"line":174,"column":59},"end":{"line":176,"column":3}}},"8":{"name":"(anonymous_8)","decl":{"start":{"line":178,"column":2},"end":{"line":178,"column":8}},"loc":{"start":{"line":178,"column":20},"end":{"line":180,"column":3}}},"9":{"name":"(anonymous_9)","decl":{"start":{"line":182,"column":2},"end":{"line":182,"column":8}},"loc":{"start":{"line":182,"column":33},"end":{"line":184,"column":3}}}},"branchMap":{"0":{"loc":{"start":{"line":55,"column":4},"end":{"line":69,"column":5}},"type":"if","locations":[{"start":{"line":55,"column":4},"end":{"line":69,"column":5}}]},"1":{"loc":{"start":{"line":96,"column":6},"end":{"line":98,"column":7}},"type":"if","locations":[{"start":{"line":96,"column":6},"end":{"line":98,"column":7}}]},"2":{"loc":{"start":{"line":104,"column":57},"end":{"line":104,"column":74}},"type":"default-arg","locations":[{"start":{"line":104,"column":73},"end":{"line":104,"column":74}}]},"3":{"loc":{"start":{"line":118,"column":4},"end":{"line":136,"column":5}},"type":"if","locations":[{"start":{"line":118,"column":4},"end":{"line":136,"column":5}},{"start":{"line":124,"column":11},"end":{"line":136,"column":5}}]},"4":{"loc":{"start":{"line":124,"column":11},"end":{"line":136,"column":5}},"type":"if","locations":[{"start":{"line":124,"column":11},"end":{"line":136,"column":5}},{"start":{"line":130,"column":11},"end":{"line":136,"column":5}}]},"5":{"loc":{"start":{"line":130,"column":11},"end":{"line":136,"column":5}},"type":"if","locations":[{"start":{"line":130,"column":11},"end":{"line":136,"column":5}}]}},"s":{"0":0,"1":0,"2":0,"3":0,"4":0,"5":0,"6":0,"7":0,"8":0,"9":0,"10":0,"11":0,"12":0,"13":0,"14":0,"15":0,"16":0,"17":0,"18":0,"19":0,"20":0,"21":0,"22":0,"23":0,"24":0,"25":0,"26":0,"27":0,"28":0,"29":0,"30":0,"31":0,"32":0,"33":0,"34":0,"35":0,"36":0,"37":0,"38":0,"39":0,"40":0,"41":0,"42":0,"43":0,"44":0,"45":0,"46":0,"47":0,"48":0,"49":0,"50":0,"51":0,"52":0,"53":0,"54":0,"55":0,"56":0,"57":0,"58":0,"59":0,"60":0,"61":0,"62":0,"63":0,"64":0,"65":0,"66":0,"67":0,"68":0,"69":0,"70":0,"71":0,"72":0},"f":{"0":0,"1":0,"2":0,"3":0,"4":0,"5":0,"6":0,"7":0,"8":0,"9":0},"b":{"0":[0],"1":[0],"2":[0],"3":[0,0],"4":[0,0],"5":[0]}}
,"/Users/viktordzundza/projects/shit/src/image/ImageService.ts": {"path":"/Users/viktordzundza/projects/shit/src/image/ImageService.ts","statementMap":{"0":{"start":{"line":1,"column":0},"end":{"line":1,"column":57}},"1":{"start":{"line":2,"column":0},"end":{"line":2,"column":48}},"2":{"start":{"line":3,"column":0},"end":{"line":3,"column":34}},"3":{"start":{"line":4,"column":0},"end":{"line":4,"column":25}},"4":{"start":{"line":5,"column":0},"end":{"line":5,"column":29}},"5":{"start":{"line":46,"column":4},"end":{"line":46,"column":46}},"6":{"start":{"line":47,"column":4},"end":{"line":47,"column":68}},"7":{"start":{"line":48,"column":4},"end":{"line":48,"column":29}},"8":{"start":{"line":52,"column":17},"end":{"line":61,"column":6}},"9":{"start":{"line":63,"column":4},"end":{"line":67,"column":7}},"10":{"start":{"line":64,"column":6},"end":{"line":66,"column":7}},"11":{"start":{"line":65,"column":8},"end":{"line":65,"column":47}},"12":{"start":{"line":71,"column":4},"end":{"line":97,"column":5}},"13":{"start":{"line":72,"column":21},"end":{"line":72,"column":27}},"14":{"start":{"line":73,"column":29},"end":{"line":73,"column":76}},"15":{"start":{"line":76,"column":6},"end":{"line":83,"column":7}},"16":{"start":{"line":77,"column":20},"end":{"line":77,"column":51}},"17":{"start":{"line":78,"column":8},"end":{"line":78,"column":56}},"18":{"start":{"line":79,"column":20},"end":{"line":79,"column":46}},"19":{"start":{"line":80,"column":8},"end":{"line":80,"column":33}},"20":{"start":{"line":82,"column":8},"end":{"line":82,"column":74}},"21":{"start":{"line":85,"column":25},"end":{"line":85,"column":88}},"22":{"start":{"line":87,"column":23},"end":{"line":87,"column":73}},"23":{"start":{"line":88,"column":25},"end":{"line":88,"column":61}},"24":{"start":{"line":90,"column":21},"end":{"line":90,"column":53}},"25":{"start":{"line":91,"column":6},"end":{"line":91,"column":43}},"26":{"start":{"line":93,"column":6},"end":{"line":93,"column":84}},"27":{"start":{"line":95,"column":6},"end":{"line":95,"column":55}},"28":{"start":{"line":96,"column":6},"end":{"line":96,"column":50}},"29":{"start":{"line":101,"column":4},"end":{"line":172,"column":5}},"30":{"start":{"line":102,"column":21},"end":{"line":102,"column":43}},"31":{"start":{"line":103,"column":18},"end":{"line":103,"column":41}},"32":{"start":{"line":105,"column":6},"end":{"line":105,"column":32}},"33":{"start":{"line":106,"column":6},"end":{"line":106,"column":35}},"34":{"start":{"line":108,"column":39},"end":{"line":108,"column":43}},"35":{"start":{"line":109,"column":6},"end":{"line":119,"column":7}},"36":{"start":{"line":110,"column":26},"end":{"line":110,"column":85}},"37":{"start":{"line":111,"column":8},"end":{"line":116,"column":9}},"38":{"start":{"line":112,"column":22},"end":{"line":112,"column":48}},"39":{"start":{"line":113,"column":10},"end":{"line":113,"column":60}},"40":{"start":{"line":114,"column":28},"end":{"line":114,"column":56}},"41":{"start":{"line":115,"column":10},"end":{"line":115,"column":41}},"42":{"start":{"line":118,"column":8},"end":{"line":118,"column":63}},"43":{"start":{"line":121,"column":6},"end":{"line":127,"column":7}},"44":{"start":{"line":122,"column":30},"end":{"line":122,"column":52}},"45":{"start":{"line":123,"column":27},"end":{"line":123,"column":57}},"46":{"start":{"line":124,"column":8},"end":{"line":124,"column":58}},"47":{"start":{"line":126,"column":8},"end":{"line":126,"column":46}},"48":{"start":{"line":129,"column":6},"end":{"line":129,"column":32}},"49":{"start":{"line":130,"column":6},"end":{"line":130,"column":30}},"50":{"start":{"line":131,"column":6},"end":{"line":131,"column":31}},"51":{"start":{"line":132,"column":6},"end":{"line":132,"column":45}},"52":{"start":{"line":134,"column":6},"end":{"line":134,"column":32}},"53":{"start":{"line":135,"column":6},"end":{"line":135,"column":30}},"54":{"start":{"line":136,"column":6},"end":{"line":136,"column":78}},"55":{"start":{"line":138,"column":6},"end":{"line":138,"column":32}},"56":{"start":{"line":139,"column":6},"end":{"line":139,"column":52}},"57":{"start":{"line":141,"column":6},"end":{"line":141,"column":30}},"58":{"start":{"line":142,"column":6},"end":{"line":142,"column":29}},"59":{"start":{"line":143,"column":20},"end":{"line":143,"column":35}},"60":{"start":{"line":144,"column":23},"end":{"line":154,"column":8}},"61":{"start":{"line":156,"column":19},"end":{"line":156,"column":22}},"62":{"start":{"line":157,"column":6},"end":{"line":160,"column":9}},"63":{"start":{"line":158,"column":21},"end":{"line":158,"column":42}},"64":{"start":{"line":159,"column":8},"end":{"line":159,"column":60}},"65":{"start":{"line":162,"column":23},"end":{"line":162,"column":68}},"66":{"start":{"line":163,"column":25},"end":{"line":163,"column":70}},"67":{"start":{"line":165,"column":21},"end":{"line":165,"column":49}},"68":{"start":{"line":166,"column":6},"end":{"line":166,"column":43}},"69":{"start":{"line":168,"column":6},"end":{"line":168,"column":60}},"70":{"start":{"line":170,"column":6},"end":{"line":170,"column":63}},"71":{"start":{"line":171,"column":6},"end":{"line":171,"column":48}},"72":{"start":{"line":176,"column":72},"end":{"line":189,"column":6}},"73":{"start":{"line":191,"column":21},"end":{"line":191,"column":75}},"74":{"start":{"line":192,"column":4},"end":{"line":192,"column":59}},"75":{"start":{"line":196,"column":24},"end":{"line":196,"column":71}},"76":{"start":{"line":197,"column":16},"end":{"line":197,"column":44}},"77":{"start":{"line":198,"column":4},"end":{"line":198,"column":35}},"78":{"start":{"line":200,"column":44},"end":{"line":200,"column":95}},"79":{"start":{"line":202,"column":4},"end":{"line":210,"column":5}},"80":{"start":{"line":203,"column":26},"end":{"line":203,"column":42}},"81":{"start":{"line":204,"column":6},"end":{"line":209,"column":7}},"82":{"start":{"line":205,"column":31},"end":{"line":205,"column":80}},"83":{"start":{"line":206,"column":8},"end":{"line":208,"column":9}},"84":{"start":{"line":207,"column":10},"end":{"line":207,"column":46}},"85":{"start":{"line":212,"column":4},"end":{"line":212,"column":23}},"86":{"start":{"line":216,"column":4},"end":{"line":236,"column":5}},"87":{"start":{"line":217,"column":28},"end":{"line":221,"column":null}},"88":{"start":{"line":224,"column":6},"end":{"line":232,"column":7}},"89":{"start":{"line":225,"column":20},"end":{"line":225,"column":50}},"90":{"start":{"line":226,"column":23},"end":{"line":226,"column":58}},"91":{"start":{"line":227,"column":20},"end":{"line":227,"column":43}},"92":{"start":{"line":228,"column":8},"end":{"line":228,"column":33}},"93":{"start":{"line":229,"column":8},"end":{"line":229,"column":22}},"94":{"start":{"line":231,"column":8},"end":{"line":231,"column":75}},"95":{"start":{"line":234,"column":6},"end":{"line":234,"column":76}},"96":{"start":{"line":235,"column":6},"end":{"line":235,"column":18}},"97":{"start":{"line":240,"column":19},"end":{"line":240,"column":39}},"98":{"start":{"line":241,"column":16},"end":{"line":241,"column":39}},"99":{"start":{"line":243,"column":51},"end":{"line":247,"column":6}},"100":{"start":{"line":249,"column":18},"end":{"line":249,"column":53}},"101":{"start":{"line":251,"column":4},"end":{"line":251,"column":26}},"102":{"start":{"line":252,"column":4},"end":{"line":252,"column":20}},"103":{"start":{"line":253,"column":4},"end":{"line":253,"column":40}},"104":{"start":{"line":254,"column":4},"end":{"line":254,"column":15}},"105":{"start":{"line":256,"column":4},"end":{"line":256,"column":47}},"106":{"start":{"line":257,"column":4},"end":{"line":257,"column":33}},"107":{"start":{"line":259,"column":4},"end":{"line":259,"column":18}},"108":{"start":{"line":263,"column":19},"end":{"line":263,"column":39}},"109":{"start":{"line":264,"column":16},"end":{"line":264,"column":39}},"110":{"start":{"line":266,"column":4},"end":{"line":266,"column":30}},"111":{"start":{"line":268,"column":4},"end":{"line":294,"column":5}},"112":{"start":{"line":270,"column":8},"end":{"line":270,"column":36}},"113":{"start":{"line":271,"column":8},"end":{"line":271,"column":14}},"114":{"start":{"line":273,"column":8},"end":{"line":273,"column":24}},"115":{"start":{"line":274,"column":8},"end":{"line":274,"column":44}},"116":{"start":{"line":275,"column":8},"end":{"line":275,"column":19}},"117":{"start":{"line":276,"column":8},"end":{"line":276,"column":14}},"118":{"start":{"line":278,"column":8},"end":{"line":278,"column":37}},"119":{"start":{"line":279,"column":8},"end":{"line":279,"column":14}},"120":{"start":{"line":281,"column":8},"end":{"line":281,"column":24}},"121":{"start":{"line":282,"column":8},"end":{"line":282,"column":43}},"122":{"start":{"line":283,"column":8},"end":{"line":283,"column":19}},"123":{"start":{"line":284,"column":8},"end":{"line":284,"column":24}},"124":{"start":{"line":285,"column":8},"end":{"line":285,"column":43}},"125":{"start":{"line":286,"column":8},"end":{"line":286,"column":19}},"126":{"start":{"line":287,"column":8},"end":{"line":287,"column":14}},"127":{"start":{"line":289,"column":8},"end":{"line":289,"column":34}},"128":{"start":{"line":290,"column":8},"end":{"line":290,"column":24}},"129":{"start":{"line":291,"column":8},"end":{"line":291,"column":43}},"130":{"start":{"line":292,"column":8},"end":{"line":292,"column":19}},"131":{"start":{"line":293,"column":8},"end":{"line":293,"column":14}},"132":{"start":{"line":296,"column":4},"end":{"line":296,"column":18}},"133":{"start":{"line":300,"column":19},"end":{"line":300,"column":39}},"134":{"start":{"line":301,"column":16},"end":{"line":301,"column":39}},"135":{"start":{"line":303,"column":25},"end":{"line":303,"column":50}},"136":{"start":{"line":304,"column":4},"end":{"line":304,"column":30}},"137":{"start":{"line":305,"column":4},"end":{"line":305,"column":28}},"138":{"start":{"line":306,"column":4},"end":{"line":306,"column":29}},"139":{"start":{"line":307,"column":4},"end":{"line":307,"column":39}},"140":{"start":{"line":309,"column":21},"end":{"line":309,"column":51}},"141":{"start":{"line":310,"column":23},"end":{"line":310,"column":59}},"142":{"start":{"line":312,"column":19},"end":{"line":312,"column":47}},"143":{"start":{"line":313,"column":4},"end":{"line":313,"column":41}},"144":{"start":{"line":315,"column":4},"end":{"line":315,"column":82}},"145":{"start":{"line":319,"column":19},"end":{"line":319,"column":41}},"146":{"start":{"line":320,"column":16},"end":{"line":320,"column":39}},"147":{"start":{"line":322,"column":4},"end":{"line":322,"column":30}},"148":{"start":{"line":323,"column":4},"end":{"line":323,"column":33}},"149":{"start":{"line":325,"column":4},"end":{"line":325,"column":30}},"150":{"start":{"line":326,"column":4},"end":{"line":326,"column":28}},"151":{"start":{"line":327,"column":4},"end":{"line":327,"column":29}},"152":{"start":{"line":328,"column":4},"end":{"line":328,"column":43}},"153":{"start":{"line":330,"column":4},"end":{"line":330,"column":30}},"154":{"start":{"line":331,"column":4},"end":{"line":331,"column":76}},"155":{"start":{"line":333,"column":21},"end":{"line":333,"column":56}},"156":{"start":{"line":334,"column":23},"end":{"line":334,"column":68}},"157":{"start":{"line":336,"column":19},"end":{"line":336,"column":47}},"158":{"start":{"line":337,"column":4},"end":{"line":337,"column":41}},"159":{"start":{"line":339,"column":4},"end":{"line":339,"column":58}},"160":{"start":{"line":41,"column":0},"end":{"line":41,"column":13}}},"fnMap":{"0":{"name":"(anonymous_9)","decl":{"start":{"line":45,"column":2},"end":{"line":45,"column":null}},"loc":{"start":{"line":45,"column":2},"end":{"line":49,"column":3}}},"1":{"name":"(anonymous_10)","decl":{"start":{"line":51,"column":10},"end":{"line":51,"column":27}},"loc":{"start":{"line":51,"column":27},"end":{"line":68,"column":3}}},"2":{"name":"(anonymous_11)","decl":{"start":{"line":63,"column":17},"end":{"line":63,"column":20}},"loc":{"start":{"line":63,"column":23},"end":{"line":67,"column":5}}},"3":{"name":"(anonymous_12)","decl":{"start":{"line":70,"column":2},"end":{"line":70,"column":7}},"loc":{"start":{"line":70,"column":52},"end":{"line":98,"column":3}}},"4":{"name":"(anonymous_13)","decl":{"start":{"line":100,"column":2},"end":{"line":100,"column":7}},"loc":{"start":{"line":100,"column":69},"end":{"line":173,"column":3}}},"5":{"name":"(anonymous_14)","decl":{"start":{"line":157,"column":23},"end":{"line":157,"column":24}},"loc":{"start":{"line":157,"column":56},"end":{"line":160,"column":7}}},"6":{"name":"(anonymous_15)","decl":{"start":{"line":175,"column":10},"end":{"line":175,"column":27}},"loc":{"start":{"line":175,"column":74},"end":{"line":193,"column":3}}},"7":{"name":"(anonymous_16)","decl":{"start":{"line":195,"column":10},"end":{"line":195,"column":15}},"loc":{"start":{"line":195,"column":76},"end":{"line":213,"column":3}}},"8":{"name":"(anonymous_17)","decl":{"start":{"line":215,"column":10},"end":{"line":215,"column":15}},"loc":{"start":{"line":215,"column":77},"end":{"line":237,"column":3}}},"9":{"name":"(anonymous_18)","decl":{"start":{"line":239,"column":10},"end":{"line":239,"column":33}},"loc":{"start":{"line":239,"column":81},"end":{"line":260,"column":3}}},"10":{"name":"(anonymous_19)","decl":{"start":{"line":262,"column":10},"end":{"line":262,"column":36}},"loc":{"start":{"line":262,"column":80},"end":{"line":297,"column":3}}},"11":{"name":"(anonymous_20)","decl":{"start":{"line":299,"column":10},"end":{"line":299,"column":30}},"loc":{"start":{"line":299,"column":51},"end":{"line":316,"column":3}}},"12":{"name":"(anonymous_21)","decl":{"start":{"line":318,"column":10},"end":{"line":318,"column":28}},"loc":{"start":{"line":318,"column":49},"end":{"line":340,"column":3}}}},"branchMap":{"0":{"loc":{"start":{"line":64,"column":6},"end":{"line":66,"column":7}},"type":"if","locations":[{"start":{"line":64,"column":6},"end":{"line":66,"column":7}}]},"1":{"loc":{"start":{"line":76,"column":6},"end":{"line":83,"column":7}},"type":"if","locations":[{"start":{"line":76,"column":6},"end":{"line":83,"column":7}},{"start":{"line":81,"column":13},"end":{"line":83,"column":7}}]},"2":{"loc":{"start":{"line":111,"column":8},"end":{"line":116,"column":9}},"type":"if","locations":[{"start":{"line":111,"column":8},"end":{"line":116,"column":9}}]},"3":{"loc":{"start":{"line":121,"column":6},"end":{"line":127,"column":7}},"type":"if","locations":[{"start":{"line":121,"column":6},"end":{"line":127,"column":7}}]},"4":{"loc":{"start":{"line":191,"column":21},"end":{"line":191,"column":75}},"type":"binary-expr","locations":[{"start":{"line":191,"column":21},"end":{"line":191,"column":58}},{"start":{"line":191,"column":62},"end":{"line":191,"column":75}}]},"5":{"loc":{"start":{"line":204,"column":6},"end":{"line":209,"column":7}},"type":"if","locations":[{"start":{"line":204,"column":6},"end":{"line":209,"column":7}}]},"6":{"loc":{"start":{"line":206,"column":8},"end":{"line":208,"column":9}},"type":"if","locations":[{"start":{"line":206,"column":8},"end":{"line":208,"column":9}}]},"7":{"loc":{"start":{"line":224,"column":6},"end":{"line":232,"column":7}},"type":"if","locations":[{"start":{"line":224,"column":6},"end":{"line":232,"column":7}},{"start":{"line":230,"column":13},"end":{"line":232,"column":7}}]},"8":{"loc":{"start":{"line":249,"column":18},"end":{"line":249,"column":53}},"type":"binary-expr","locations":[{"start":{"line":249,"column":18},"end":{"line":249,"column":40}},{"start":{"line":249,"column":44},"end":{"line":249,"column":53}}]},"9":{"loc":{"start":{"line":268,"column":4},"end":{"line":294,"column":5}},"type":"switch","locations":[{"start":{"line":269,"column":6},"end":{"line":271,"column":14}},{"start":{"line":272,"column":6},"end":{"line":276,"column":14}},{"start":{"line":277,"column":6},"end":{"line":279,"column":14}},{"start":{"line":280,"column":6},"end":{"line":287,"column":14}},{"start":{"line":288,"column":6},"end":{"line":293,"column":14}}]},"10":{"loc":{"start":{"line":303,"column":25},"end":{"line":303,"column":50}},"type":"binary-expr","locations":[{"start":{"line":303,"column":25},"end":{"line":303,"column":43}},{"start":{"line":303,"column":47},"end":{"line":303,"column":50}}]}},"s":{"0":0,"1":0,"2":0,"3":0,"4":0,"5":0,"6":0,"7":0,"8":0,"9":0,"10":0,"11":0,"12":0,"13":0,"14":0,"15":0,"16":0,"17":0,"18":0,"19":0,"20":0,"21":0,"22":0,"23":0,"24":0,"25":0,"26":0,"27":0,"28":0,"29":0,"30":0,"31":0,"32":0,"33":0,"34":0,"35":0,"36":0,"37":0,"38":0,"39":0,"40":0,"41":0,"42":0,"43":0,"44":0,"45":0,"46":0,"47":0,"48":0,"49":0,"50":0,"51":0,"52":0,"53":0,"54":0,"55":0,"56":0,"57":0,"58":0,"59":0,"60":0,"61":0,"62":0,"63":0,"64":0,"65":0,"66":0,"67":0,"68":0,"69":0,"70":0,"71":0,"72":0,"73":0,"74":0,"75":0,"76":0,"77":0,"78":0,"79":0,"80":0,"81":0,"82":0,"83":0,"84":0,"85":0,"86":0,"87":0,"88":0,"89":0,"90":0,"91":0,"92":0,"93":0,"94":0,"95":0,"96":0,"97":0,"98":0,"99":0,"100":0,"101":0,"102":0,"103":0,"104":0,"105":0,"106":0,"107":0,"108":0,"109":0,"110":0,"111":0,"112":0,"113":0,"114":0,"115":0,"116":0,"117":0,"118":0,"119":0,"120":0,"121":0,"122":0,"123":0,"124":0,"125":0,"126":0,"127":0,"128":0,"129":0,"130":0,"131":0,"132":0,"133":0,"134":0,"135":0,"136":0,"137":0,"138":0,"139":0,"140":0,"141":0,"142":0,"143":0,"144":0,"145":0,"146":0,"147":0,"148":0,"149":0,"150":0,"151":0,"152":0,"153":0,"154":0,"155":0,"156":0,"157":0,"158":0,"159":0,"160":0},"f":{"0":0,"1":0,"2":0,"3":0,"4":0,"5":0,"6":0,"7":0,"8":0,"9":0,"10":0,"11":0,"12":0},"b":{"0":[0],"1":[0,0],"2":[0],"3":[0],"4":[0,0],"5":[0],"6":[0],"7":[0,0],"8":[0,0],"9":[0,0,0,0,0],"10":[0,0]}}
,"/Users/viktordzundza/projects/shit/src/utils/logger.ts": {"path":"/Users/viktordzundza/projects/shit/src/utils/logger.ts","statementMap":{"0":{"start":{"line":1,"column":0},"end":{"line":1,"column":30}},"1":{"start":{"line":2,"column":0},"end":{"line":2,"column":56}},"2":{"start":{"line":3,"column":0},"end":{"line":3,"column":34}},"3":{"start":{"line":5,"column":18},"end":{"line":8,"column":null}},"4":{"start":{"line":11,"column":22},"end":{"line":20,"column":null}},"5":{"start":{"line":15,"column":14},"end":{"line":15,"column":51}},"6":{"start":{"line":16,"column":4},"end":{"line":18,"column":5}},"7":{"start":{"line":17,"column":6},"end":{"line":17,"column":40}},"8":{"start":{"line":19,"column":4},"end":{"line":19,"column":15}},"9":{"start":{"line":23,"column":40},"end":{"line":28,"column":2}},"10":{"start":{"line":30,"column":0},"end":{"line":48,"column":1}},"11":{"start":{"line":31,"column":2},"end":{"line":47,"column":4}},"12":{"start":{"line":50,"column":13},"end":{"line":60,"column":3}},"13":{"start":{"line":62,"column":13},"end":{"line":66,"column":2}},"14":{"start":{"line":64,"column":4},"end":{"line":64,"column":32}}},"fnMap":{"0":{"name":"(anonymous_1)","decl":{"start":{"line":14,"column":24},"end":{"line":14,"column":25}},"loc":{"start":{"line":14,"column":67},"end":{"line":20,"column":3}}},"1":{"name":"(anonymous_2)","decl":{"start":{"line":63,"column":9},"end":{"line":63,"column":10}},"loc":{"start":{"line":63,"column":29},"end":{"line":65,"column":3}}}},"branchMap":{"0":{"loc":{"start":{"line":16,"column":4},"end":{"line":18,"column":5}},"type":"if","locations":[{"start":{"line":16,"column":4},"end":{"line":18,"column":5}}]},"1":{"loc":{"start":{"line":30,"column":0},"end":{"line":48,"column":1}},"type":"if","locations":[{"start":{"line":30,"column":0},"end":{"line":48,"column":1}}]}},"s":{"0":0,"1":0,"2":0,"3":0,"4":0,"5":0,"6":0,"7":0,"8":0,"9":0,"10":0,"11":0,"12":0,"13":0,"14":0},"f":{"0":0,"1":0},"b":{"0":[0],"1":[0]}}
}
