TN:
SF:src/api/middleware/auth.ts
FN:12,(anonymous_1)
FN:75,(anonymous_2)
FNF:2
FNH:0
FNDA:0,(anonymous_1)
FNDA:0,(anonymous_2)
DA:2,0
DA:3,0
DA:12,0
DA:17,0
DA:18,0
DA:19,0
DA:21,0
DA:22,0
DA:27,0
DA:30,0
DA:31,0
DA:35,0
DA:36,0
DA:39,0
DA:40,0
DA:42,0
DA:43,0
DA:44,0
DA:48,0
DA:49,0
DA:51,0
DA:56,0
DA:60,0
DA:66,0
DA:67,0
DA:75,0
DA:80,0
DA:81,0
DA:82,0
DA:84,0
DA:85,0
DA:89,0
DA:90,0
DA:91,0
DA:92,0
DA:93,0
DA:98,0
DA:102,0
DA:104,0
DA:105,0
LF:40
LH:0
BRDA:21,0,0,0
BRDA:21,1,0,0
BRDA:21,1,1,0
BRDA:30,2,0,0
BRDA:39,3,0,0
BRDA:84,4,0,0
BRDA:84,4,1,0
BRDA:89,5,0,0
BRF:8
BRH:0
end_of_record
TN:
SF:src/api/middleware/errorHandler.ts
FN:9,(anonymous_0)
FN:52,(anonymous_1)
FN:59,(anonymous_2)
FN:60,(anonymous_3)
FNF:4
FNH:0
FNDA:0,(anonymous_0)
FNDA:0,(anonymous_1)
FNDA:0,(anonymous_2)
FNDA:0,(anonymous_3)
DA:2,0
DA:9,0
DA:15,0
DA:16,0
DA:18,0
DA:19,0
DA:20,0
DA:21,0
DA:22,0
DA:23,0
DA:24,0
DA:25,0
DA:26,0
DA:27,0
DA:28,0
DA:29,0
DA:30,0
DA:31,0
DA:32,0
DA:33,0
DA:34,0
DA:35,0
DA:38,0
DA:39,0
DA:42,0
DA:52,0
DA:53,0
DA:54,0
DA:55,0
DA:56,0
DA:59,0
DA:60,0
DA:61,0
LF:33
LH:0
BRDA:15,0,0,0
BRDA:15,0,1,0
BRDA:16,1,0,0
BRDA:16,1,1,0
BRDA:18,2,0,0
BRDA:18,2,1,0
BRDA:21,3,0,0
BRDA:21,3,1,0
BRDA:24,4,0,0
BRDA:24,4,1,0
BRDA:27,5,0,0
BRDA:27,5,1,0
BRDA:30,6,0,0
BRDA:30,6,1,0
BRDA:33,7,0,0
BRDA:38,8,0,0
BRDA:45,9,0,0
BRDA:45,9,1,0
BRDA:52,10,0,0
BRF:19
BRH:0
end_of_record
TN:
SF:src/api/middleware/requestLogger.ts
FN:4,(anonymous_0)
FN:12,(anonymous_1)
FNF:2
FNH:0
FNDA:0,(anonymous_0)
FNDA:0,(anonymous_1)
DA:2,0
DA:4,0
DA:5,0
DA:7,0
DA:8,0
DA:11,0
DA:12,0
DA:13,0
DA:15,0
DA:16,0
DA:19,0
DA:22,0
LF:12
LH:0
BRDA:7,0,0,0
BRDA:15,1,0,0
BRF:2
BRH:0
end_of_record
TN:
SF:src/api/routes/battleRoutes.ts
FN:5,(anonymous_0)
FNF:1
FNH:0
FNDA:0,(anonymous_0)
DA:1,0
DA:3,0
DA:5,0
DA:6,0
DA:9,0
LF:5
LH:0
BRF:0
BRH:0
end_of_record
TN:
SF:src/api/routes/characterRoutes.ts
FN:5,(anonymous_0)
FNF:1
FNH:0
FNDA:0,(anonymous_0)
DA:1,0
DA:3,0
DA:5,0
DA:6,0
DA:9,0
LF:5
LH:0
BRF:0
BRH:0
end_of_record
TN:
SF:src/api/routes/paymentRoutes.ts
FN:5,(anonymous_0)
FNF:1
FNH:0
FNDA:0,(anonymous_0)
DA:1,0
DA:3,0
DA:5,0
DA:6,0
DA:9,0
LF:5
LH:0
BRF:0
BRH:0
end_of_record
TN:
SF:src/api/routes/questRoutes.ts
FN:5,(anonymous_0)
FNF:1
FNH:0
FNDA:0,(anonymous_0)
DA:1,0
DA:3,0
DA:5,0
DA:6,0
DA:9,0
LF:5
LH:0
BRF:0
BRH:0
end_of_record
TN:
SF:src/api/routes/shopRoutes.ts
FN:5,(anonymous_0)
FNF:1
FNH:0
FNDA:0,(anonymous_0)
DA:1,0
DA:3,0
DA:5,0
DA:6,0
DA:9,0
LF:5
LH:0
BRF:0
BRH:0
end_of_record
TN:
SF:src/api/routes/userRoutes.ts
FN:5,(anonymous_0)
FNF:1
FNH:0
FNDA:0,(anonymous_0)
DA:1,0
DA:3,0
DA:5,0
DA:6,0
DA:9,0
LF:5
LH:0
BRF:0
BRH:0
end_of_record
TN:
SF:src/api/routes/webhookRoutes.ts
FN:5,(anonymous_0)
FNF:1
FNH:0
FNDA:0,(anonymous_0)
DA:1,0
DA:3,0
DA:5,0
DA:6,0
DA:9,0
LF:5
LH:0
BRF:0
BRH:0
end_of_record
TN:
SF:src/bot/Bot.ts
FN:29,(anonymous_0)
FN:41,(anonymous_1)
FN:42,(anonymous_2)
FN:49,(anonymous_3)
FN:55,(anonymous_4)
FN:60,(anonymous_5)
FN:78,(anonymous_6)
FN:94,(anonymous_7)
FN:120,(anonymous_8)
FN:121,(anonymous_9)
FN:139,(anonymous_10)
FN:152,(anonymous_11)
FN:170,(anonymous_12)
FN:171,(anonymous_13)
FN:183,(anonymous_14)
FN:243,(anonymous_15)
FN:255,(anonymous_16)
FN:293,(anonymous_17)
FN:330,(anonymous_18)
FN:343,(anonymous_19)
FN:347,(anonymous_20)
FN:368,(anonymous_21)
FN:393,(anonymous_22)
FN:403,(anonymous_23)
FNF:24
FNH:5
FNDA:11,(anonymous_0)
FNDA:11,(anonymous_1)
FNDA:0,(anonymous_2)
FNDA:0,(anonymous_3)
FNDA:11,(anonymous_4)
FNDA:0,(anonymous_5)
FNDA:0,(anonymous_6)
FNDA:0,(anonymous_7)
FNDA:11,(anonymous_8)
FNDA:0,(anonymous_9)
FNDA:0,(anonymous_10)
FNDA:0,(anonymous_11)
FNDA:11,(anonymous_12)
FNDA:0,(anonymous_13)
FNDA:0,(anonymous_14)
FNDA:0,(anonymous_15)
FNDA:0,(anonymous_16)
FNDA:0,(anonymous_17)
FNDA:0,(anonymous_18)
FNDA:0,(anonymous_19)
FNDA:0,(anonymous_20)
FNDA:0,(anonymous_21)
FNDA:0,(anonymous_22)
FNDA:0,(anonymous_23)
DA:1,1
DA:3,1
DA:4,1
DA:5,1
DA:6,1
DA:7,1
DA:23,1
DA:30,11
DA:31,11
DA:32,11
DA:33,11
DA:35,11
DA:36,11
DA:37,11
DA:38,11
DA:42,11
DA:43,0
DA:44,0
DA:45,0
DA:46,0
DA:49,11
DA:50,0
DA:51,0
DA:56,11
DA:58,11
DA:60,11
DA:61,0
DA:78,11
DA:79,0
DA:80,0
DA:81,0
DA:84,0
DA:89,0
DA:92,11
DA:94,11
DA:95,0
DA:114,11
DA:115,11
DA:117,11
DA:121,11
DA:122,0
DA:123,0
DA:125,0
DA:126,0
DA:127,0
DA:130,0
DA:132,0
DA:133,0
DA:135,0
DA:139,11
DA:140,0
DA:141,0
DA:143,0
DA:144,0
DA:145,0
DA:148,0
DA:149,0
DA:152,11
DA:153,0
DA:171,11
DA:172,0
DA:173,0
DA:174,0
DA:177,0
DA:183,11
DA:184,0
DA:185,0
DA:187,0
DA:188,0
DA:189,0
DA:192,0
DA:193,0
DA:195,0
DA:196,0
DA:197,0
DA:200,0
DA:201,0
DA:202,0
DA:203,0
DA:206,0
DA:207,0
DA:208,0
DA:209,0
DA:212,0
DA:213,0
DA:215,0
DA:223,0
DA:224,0
DA:226,0
DA:228,0
DA:239,0
DA:243,11
DA:244,0
DA:245,0
DA:246,0
DA:248,0
DA:249,0
DA:251,0
DA:255,11
DA:256,0
DA:257,0
DA:258,0
DA:260,0
DA:261,0
DA:262,0
DA:265,0
DA:270,0
DA:271,0
DA:293,11
DA:294,0
DA:295,0
DA:296,0
DA:298,0
DA:299,0
DA:300,0
DA:303,0
DA:304,0
DA:305,0
DA:307,0
DA:330,11
DA:331,0
DA:333,0
DA:334,0
DA:335,0
DA:336,0
DA:339,0
DA:344,0
DA:345,0
DA:347,0
DA:354,0
DA:356,0
DA:369,0
DA:394,0
DA:395,0
DA:396,0
DA:398,0
DA:399,0
DA:404,0
DA:405,0
DA:406,0
DA:408,0
DA:409,0
LF:142
LH:35
BRDA:50,0,0,0
BRDA:50,0,1,0
BRDA:80,1,0,0
BRDA:123,2,0,0
BRDA:123,2,1,0
BRDA:123,2,2,0
BRDA:126,3,0,0
BRDA:132,4,0,0
BRDA:132,4,1,0
BRDA:143,5,0,0
BRDA:173,6,0,0
BRDA:184,7,0,0
BRDA:184,8,0,0
BRDA:184,8,1,0
BRDA:187,9,0,0
BRDA:187,10,0,0
BRDA:187,10,1,0
BRDA:195,11,0,0
BRDA:201,12,0,0
BRDA:207,13,0,0
BRDA:245,14,0,0
BRDA:248,15,0,0
BRDA:248,15,1,0
BRDA:257,16,0,0
BRDA:260,17,0,0
BRDA:267,18,0,0
BRDA:267,18,1,0
BRDA:295,19,0,0
BRDA:298,20,0,0
BRDA:333,21,0,0
BRDA:344,22,0,0
BRDA:344,22,1,0
BRF:32
BRH:0
end_of_record
TN:
SF:src/database/client.ts
FNF:0
FNH:0
DA:1,3
DA:2,3
DA:8,3
DA:17,3
DA:18,0
DA:21,3
LF:6
LH:5
BRDA:8,0,0,3
BRDA:8,0,1,3
BRDA:14,1,0,0
BRDA:14,1,1,3
BRDA:17,2,0,0
BRF:5
BRH:3
end_of_record
TN:
SF:src/database/services/CharacterService.ts
FN:25,(anonymous_1)
FN:27,(anonymous_2)
FN:47,(anonymous_3)
FN:53,(anonymous_4)
FN:64,(anonymous_5)
FN:71,(anonymous_6)
FN:79,(anonymous_7)
FN:88,(anonymous_8)
FN:97,(anonymous_9)
FN:108,(anonymous_10)
FN:118,(anonymous_11)
FN:125,(anonymous_12)
FN:131,(anonymous_13)
FN:153,(anonymous_14)
FN:166,(anonymous_15)
FN:182,(anonymous_16)
FN:188,(anonymous_17)
FNF:17
FNH:6
FNDA:7,(anonymous_1)
FNDA:1,(anonymous_2)
FNDA:2,(anonymous_3)
FNDA:0,(anonymous_4)
FNDA:1,(anonymous_5)
FNDA:0,(anonymous_6)
FNDA:1,(anonymous_7)
FNDA:0,(anonymous_8)
FNDA:0,(anonymous_9)
FNDA:0,(anonymous_10)
FNDA:0,(anonymous_11)
FNDA:1,(anonymous_12)
FNDA:0,(anonymous_13)
FNDA:0,(anonymous_14)
FNDA:0,(anonymous_15)
FNDA:0,(anonymous_16)
FNDA:0,(anonymous_17)
DA:2,3
DA:24,3
DA:25,7
DA:34,1
DA:48,2
DA:54,0
DA:65,1
DA:72,0
DA:73,0
DA:80,1
DA:89,0
DA:98,0
DA:109,0
DA:119,0
DA:126,1
DA:132,0
DA:154,0
DA:167,0
DA:183,0
DA:189,0
LF:20
LH:8
BRDA:25,0,0,6
BRDA:193,1,0,0
BRDA:193,1,1,0
BRF:3
BRH:1
end_of_record
TN:
SF:src/database/services/UserService.ts
FN:5,(anonymous_1)
FN:7,(anonymous_2)
FN:18,(anonymous_3)
FN:24,(anonymous_4)
FN:30,(anonymous_5)
FN:37,(anonymous_6)
FN:48,(anonymous_7)
FN:59,(anonymous_8)
FN:70,(anonymous_9)
FN:81,(anonymous_10)
FN:87,(anonymous_11)
FN:98,(anonymous_12)
FNF:12
FNH:1
FNDA:1,(anonymous_1)
FNDA:0,(anonymous_2)
FNDA:0,(anonymous_3)
FNDA:0,(anonymous_4)
FNDA:0,(anonymous_5)
FNDA:0,(anonymous_6)
FNDA:0,(anonymous_7)
FNDA:0,(anonymous_8)
FNDA:0,(anonymous_9)
FNDA:0,(anonymous_10)
FNDA:0,(anonymous_11)
FNDA:0,(anonymous_12)
DA:2,2
DA:4,2
DA:5,1
DA:8,0
DA:19,0
DA:25,0
DA:31,0
DA:38,0
DA:49,0
DA:60,0
DA:71,0
DA:82,0
DA:88,0
DA:99,0
DA:120,0
LF:15
LH:3
BRDA:5,0,0,0
BRDA:11,1,0,0
BRDA:11,1,1,0
BRF:3
BRH:0
end_of_record
TN:
SF:src/game/services/CombatService.ts
FN:56,(anonymous_0)
FN:74,(anonymous_1)
FN:78,(anonymous_2)
FN:139,(anonymous_3)
FN:251,(anonymous_4)
FN:268,(anonymous_5)
FNF:6
FNH:5
FNDA:8,(anonymous_0)
FNDA:6,(anonymous_1)
FNDA:4,(anonymous_2)
FNDA:4,(anonymous_3)
FNDA:3,(anonymous_4)
FNDA:0,(anonymous_5)
DA:1,1
DA:55,1
DA:62,8
DA:64,8
DA:65,0
DA:68,8
DA:69,8
DA:71,8
DA:75,6
DA:79,4
DA:136,4
DA:145,4
DA:146,4
DA:147,4
DA:149,4
DA:150,1
DA:151,1
DA:152,1
DA:153,1
DA:154,3
DA:155,2
DA:157,2
DA:158,0
DA:170,2
DA:173,2
DA:179,2
DA:180,2
DA:181,1
DA:182,1
DA:193,3
DA:195,3
DA:196,0
DA:207,3
DA:224,3
DA:226,3
DA:227,0
DA:239,3
DA:256,3
DA:257,3
DA:259,3
DA:260,2
DA:261,1
DA:262,1
DA:264,0
DA:269,0
LF:45
LH:39
BRDA:59,0,0,2
BRDA:60,1,0,2
BRDA:64,2,0,0
BRDA:136,3,0,4
BRDA:136,3,1,3
BRDA:149,4,0,1
BRDA:149,4,1,3
BRDA:153,5,0,0
BRDA:153,5,1,1
BRDA:154,6,0,2
BRDA:154,6,1,1
BRDA:154,7,0,3
BRDA:154,7,1,2
BRDA:157,8,0,0
BRDA:171,9,0,2
BRDA:171,9,1,2
BRDA:180,10,0,0
BRDA:180,10,1,2
BRDA:181,11,0,1
BRDA:195,12,0,0
BRDA:226,13,0,0
BRDA:259,14,0,2
BRDA:259,14,1,1
BRDA:261,15,0,1
BRDA:261,15,1,0
BRF:25
BRH:18
end_of_record
TN:
SF:src/game/services/LevelingService.ts
FN:26,(anonymous_0)
FN:30,(anonymous_1)
FN:38,(anonymous_2)
FN:80,(anonymous_3)
FN:104,(anonymous_4)
FN:151,(anonymous_5)
FN:156,(anonymous_6)
FN:174,(anonymous_7)
FN:178,(anonymous_8)
FN:182,(anonymous_9)
FNF:10
FNH:5
FNDA:21,(anonymous_0)
FNDA:11,(anonymous_1)
FNDA:3,(anonymous_2)
FNDA:8,(anonymous_3)
FNDA:3,(anonymous_4)
FNDA:0,(anonymous_5)
FNDA:0,(anonymous_6)
FNDA:0,(anonymous_7)
FNDA:0,(anonymous_8)
FNDA:0,(anonymous_9)
DA:1,2
DA:2,2
DA:25,2
DA:27,21
DA:31,11
DA:32,11
DA:33,14
DA:35,11
DA:45,3
DA:46,3
DA:47,3
DA:48,3
DA:50,3
DA:51,3
DA:52,3
DA:55,3
DA:56,2
DA:61,2
DA:71,1
DA:85,8
DA:87,8
DA:88,8
DA:89,8
DA:90,8
DA:91,8
DA:92,8
DA:94,8
DA:95,8
DA:96,17
DA:97,17
DA:101,8
DA:105,3
DA:106,3
DA:107,3
DA:108,3
DA:109,3
DA:110,3
DA:112,3
DA:113,3
DA:114,3
DA:115,3
DA:116,3
DA:118,3
DA:119,1
DA:120,1
DA:121,1
DA:122,1
DA:123,1
DA:124,2
DA:125,1
DA:126,1
DA:127,1
DA:128,1
DA:129,1
DA:130,1
DA:131,1
DA:132,1
DA:133,1
DA:134,1
DA:135,1
DA:138,3
DA:152,0
DA:153,0
DA:161,0
DA:162,0
DA:163,0
DA:164,0
DA:165,0
DA:167,0
DA:175,0
DA:179,0
DA:183,0
LF:72
LH:61
BRDA:55,0,0,2
BRDA:96,1,0,17
BRDA:104,2,0,3
BRDA:118,3,0,1
BRDA:118,3,1,2
BRDA:124,4,0,1
BRDA:124,4,1,1
BRDA:130,5,0,1
BRF:8
BRH:8
end_of_record
TN:
SF:src/image/ImageService.ts
FN:45,(anonymous_9)
FN:51,(anonymous_10)
FN:63,(anonymous_11)
FN:70,(anonymous_12)
FN:100,(anonymous_13)
FN:157,(anonymous_14)
FN:175,(anonymous_15)
FN:195,(anonymous_16)
FN:215,(anonymous_17)
FN:239,(anonymous_18)
FN:262,(anonymous_19)
FN:299,(anonymous_20)
FN:318,(anonymous_21)
FNF:13
FNH:0
FNDA:0,(anonymous_9)
FNDA:0,(anonymous_10)
FNDA:0,(anonymous_11)
FNDA:0,(anonymous_12)
FNDA:0,(anonymous_13)
FNDA:0,(anonymous_14)
FNDA:0,(anonymous_15)
FNDA:0,(anonymous_16)
FNDA:0,(anonymous_17)
FNDA:0,(anonymous_18)
FNDA:0,(anonymous_19)
FNDA:0,(anonymous_20)
FNDA:0,(anonymous_21)
DA:1,1
DA:2,1
DA:3,1
DA:4,1
DA:5,1
DA:41,1
DA:46,0
DA:47,0
DA:48,0
DA:52,0
DA:63,0
DA:64,0
DA:65,0
DA:71,0
DA:72,0
DA:73,0
DA:76,0
DA:77,0
DA:78,0
DA:79,0
DA:80,0
DA:82,0
DA:85,0
DA:87,0
DA:88,0
DA:90,0
DA:91,0
DA:93,0
DA:95,0
DA:96,0
DA:101,0
DA:102,0
DA:103,0
DA:105,0
DA:106,0
DA:108,0
DA:109,0
DA:110,0
DA:111,0
DA:112,0
DA:113,0
DA:114,0
DA:115,0
DA:118,0
DA:121,0
DA:122,0
DA:123,0
DA:124,0
DA:126,0
DA:129,0
DA:130,0
DA:131,0
DA:132,0
DA:134,0
DA:135,0
DA:136,0
DA:138,0
DA:139,0
DA:141,0
DA:142,0
DA:143,0
DA:144,0
DA:156,0
DA:157,0
DA:158,0
DA:159,0
DA:162,0
DA:163,0
DA:165,0
DA:166,0
DA:168,0
DA:170,0
DA:171,0
DA:176,0
DA:191,0
DA:192,0
DA:196,0
DA:197,0
DA:198,0
DA:200,0
DA:202,0
DA:203,0
DA:204,0
DA:205,0
DA:206,0
DA:207,0
DA:212,0
DA:216,0
DA:217,0
DA:224,0
DA:225,0
DA:226,0
DA:227,0
DA:228,0
DA:229,0
DA:231,0
DA:234,0
DA:235,0
DA:240,0
DA:241,0
DA:243,0
DA:249,0
DA:251,0
DA:252,0
DA:253,0
DA:254,0
DA:256,0
DA:257,0
DA:259,0
DA:263,0
DA:264,0
DA:266,0
DA:268,0
DA:270,0
DA:271,0
DA:273,0
DA:274,0
DA:275,0
DA:276,0
DA:278,0
DA:279,0
DA:281,0
DA:282,0
DA:283,0
DA:284,0
DA:285,0
DA:286,0
DA:287,0
DA:289,0
DA:290,0
DA:291,0
DA:292,0
DA:293,0
DA:296,0
DA:300,0
DA:301,0
DA:303,0
DA:304,0
DA:305,0
DA:306,0
DA:307,0
DA:309,0
DA:310,0
DA:312,0
DA:313,0
DA:315,0
DA:319,0
DA:320,0
DA:322,0
DA:323,0
DA:325,0
DA:326,0
DA:327,0
DA:328,0
DA:330,0
DA:331,0
DA:333,0
DA:334,0
DA:336,0
DA:337,0
DA:339,0
LF:161
LH:6
BRDA:64,0,0,0
BRDA:76,1,0,0
BRDA:76,1,1,0
BRDA:111,2,0,0
BRDA:121,3,0,0
BRDA:191,4,0,0
BRDA:191,4,1,0
BRDA:204,5,0,0
BRDA:206,6,0,0
BRDA:224,7,0,0
BRDA:224,7,1,0
BRDA:249,8,0,0
BRDA:249,8,1,0
BRDA:268,9,0,0
BRDA:268,9,1,0
BRDA:268,9,2,0
BRDA:268,9,3,0
BRDA:268,9,4,0
BRDA:303,10,0,0
BRDA:303,10,1,0
BRF:20
BRH:0
end_of_record
TN:
SF:src/utils/logger.ts
FN:14,(anonymous_1)
FN:63,(anonymous_2)
FNF:2
FNH:0
FNDA:0,(anonymous_1)
FNDA:0,(anonymous_2)
DA:1,0
DA:2,0
DA:3,0
DA:5,0
DA:11,0
DA:15,0
DA:16,0
DA:17,0
DA:19,0
DA:23,0
DA:30,0
DA:31,0
DA:50,0
DA:62,0
DA:64,0
LF:15
LH:0
BRDA:16,0,0,0
BRDA:30,1,0,0
BRF:2
BRH:0
end_of_record
